<?xml version="1.0" encoding="UTF-8"?>
<!-- Generated by org.testng.reporters.JUnitReportReporter -->
<testsuite hostname="QA-VishalB" failures="0" tests="60" name="Comprehensive.TC_09" time="103.799" errors="1" timestamp="2024-09-13T15:39:24 IST" skipped="27">
  <testcase classname="Comprehensive.TC_09" name="clickCarModule" time="3.939"/>
  <testcase classname="Comprehensive.TC_09" name="dontknowcar" time="0.208"/>
  <testcase classname="Comprehensive.TC_09" name="comprehensive" time="0.420"/>
  <testcase classname="Comprehensive.TC_09" name="exisitngTP_popup" time="0.001"/>
  <testcase classname="Comprehensive.TC_09" name="rto_num" time="1.336"/>
  <testcase classname="Comprehensive.TC_09" name="reg_date" time="1.566"/>
  <testcase classname="Comprehensive.TC_09" name="vehicle_num" time="0.568"/>
  <testcase classname="Comprehensive.TC_09" name="make" time="0.500"/>
  <testcase classname="Comprehensive.TC_09" name="model" time="0.576"/>
  <testcase classname="Comprehensive.TC_09" name="variant" time="0.474"/>
  <testcase classname="Comprehensive.TC_09" name="previous_pol" time="0.228"/>
  <testcase classname="Comprehensive.TC_09" name="existing_insurer" time="0.342"/>
  <testcase classname="Comprehensive.TC_09" name="Pre_Expirydate" time="1.058"/>
  <testcase classname="Comprehensive.TC_09" name="owner_type" time="0.841"/>
  <testcase classname="Comprehensive.TC_09" name="ownership_no" time="0.082"/>
  <testcase classname="Comprehensive.TC_09" name="claim_No" time="0.084"/>
  <testcase classname="Comprehensive.TC_09" name="ncb_drpdwn" time="0.130"/>
  <testcase classname="Comprehensive.TC_09" name="fullname" time="0.222"/>
  <testcase classname="Comprehensive.TC_09" name="mobnum" time="0.177"/>
  <testcase classname="Comprehensive.TC_09" name="term_con" time="0.167"/>
  <testcase classname="Comprehensive.TC_09" name="get_quote" time="0.695"/>
  <testcase classname="Comprehensive.TC_09" name="addons_drpdown" time="1.503"/>
  <testcase classname="Comprehensive.TC_09" name="addons_select" time="0.667"/>
  <testcase classname="Comprehensive.TC_09" name="claimfor_zerodep" time="0.110"/>
  <testcase classname="Comprehensive.TC_09" name="zrodep_btn" time="0.135"/>
  <testcase classname="Comprehensive.TC_09" name="all_addons" time="3.145"/>
  <testcase classname="Comprehensive.TC_09" name="Accessrios_cover" time="1.167"/>
  <testcase classname="Comprehensive.TC_09" name="elec_acc" time="28.152"/>
  <testcase classname="Comprehensive.TC_09" name="non_elec" time="5.051"/>
  <testcase classname="Comprehensive.TC_09" name="pa_cover" time="24.973"/>
  <testcase classname="Comprehensive.TC_09" name="discounts" time="12.747"/>
  <testcase classname="Comprehensive.TC_09" name="cng" time="10.093"/>
  <testcase classname="Comprehensive.TC_09" name="premium" time="2.442">
    <error message="stale element reference: stale element not found in the current frame
  (Session info: chrome=128.0.6613.138)
For documentation on this error, please visit: https://www.selenium.dev/documentation/webdriver/troubleshooting/errors#stale-element-reference-exception
Build info: version: &#039;4.21.0&#039;, revision: &#039;79ed462ef4&#039;
System info: os.name: &#039;Windows 10&#039;, os.arch: &#039;amd64&#039;, os.version: &#039;10.0&#039;, java.version: &#039;21.0.4&#039;
Driver info: org.openqa.selenium.chrome.ChromeDriver
Command: [61df595d0dc41046e2f4c5acecbc8714, clickElement {id=f.2500F718BADD567D650417D2A4B48309.d.9CE52791CB00FF240009629E15F2192B.e.662}]
Capabilities {acceptInsecureCerts: false, browserName: chrome, browserVersion: 128.0.6613.138, chrome: {chromedriverVersion: 128.0.6613.137 (fe621c5aa2d..., userDataDir: C:\Users\A757\AppData\Local...}, fedcm:accounts: true, goog:chromeOptions: {debuggerAddress: localhost:49254}, networkConnectionEnabled: false, pageLoadStrategy: normal, platformName: windows, proxy: Proxy(), se:cdp: ws://localhost:49254/devtoo..., se:cdpVersion: 128.0.6613.138, setWindowRect: true, strictFileInteractability: false, timeouts: {implicit: 0, pageLoad: 300000, script: 30000}, unhandledPromptBehavior: dismiss and notify, webauthn:extension:credBlob: true, webauthn:extension:largeBlob: true, webauthn:extension:minPinLength: true, webauthn:extension:prf: true, webauthn:virtualAuthenticators: true}
Element: [[ChromeDriver: chrome on windows (61df595d0dc41046e2f4c5acecbc8714)] -&gt; xpath: //button[@id=&#039;buy_Reliance&#039;]]
Session ID: 61df595d0dc41046e2f4c5acecbc8714" type="org.openqa.selenium.StaleElementReferenceException">
      <![CDATA[org.openqa.selenium.StaleElementReferenceException: stale element reference: stale element not found in the current frame
  (Session info: chrome=128.0.6613.138)
For documentation on this error, please visit: https://www.selenium.dev/documentation/webdriver/troubleshooting/errors#stale-element-reference-exception
Build info: version: '4.21.0', revision: '79ed462ef4'
System info: os.name: 'Windows 10', os.arch: 'amd64', os.version: '10.0', java.version: '21.0.4'
Driver info: org.openqa.selenium.chrome.ChromeDriver
Command: [61df595d0dc41046e2f4c5acecbc8714, clickElement {id=f.2500F718BADD567D650417D2A4B48309.d.9CE52791CB00FF240009629E15F2192B.e.662}]
Capabilities {acceptInsecureCerts: false, browserName: chrome, browserVersion: 128.0.6613.138, chrome: {chromedriverVersion: 128.0.6613.137 (fe621c5aa2d..., userDataDir: C:\Users\A757\AppData\Local...}, fedcm:accounts: true, goog:chromeOptions: {debuggerAddress: localhost:49254}, networkConnectionEnabled: false, pageLoadStrategy: normal, platformName: windows, proxy: Proxy(), se:cdp: ws://localhost:49254/devtoo..., se:cdpVersion: 128.0.6613.138, setWindowRect: true, strictFileInteractability: false, timeouts: {implicit: 0, pageLoad: 300000, script: 30000}, unhandledPromptBehavior: dismiss and notify, webauthn:extension:credBlob: true, webauthn:extension:largeBlob: true, webauthn:extension:minPinLength: true, webauthn:extension:prf: true, webauthn:virtualAuthenticators: true}
Element: [[ChromeDriver: chrome on windows (61df595d0dc41046e2f4c5acecbc8714)] -> xpath: //button[@id='buy_Reliance']]
Session ID: 61df595d0dc41046e2f4c5acecbc8714
at java.base/jdk.internal.reflect.DirectConstructorHandleAccessor.newInstance(DirectConstructorHandleAccessor.java:62)
at java.base/java.lang.reflect.Constructor.newInstanceWithCaller(Constructor.java:502)
at java.base/java.lang.reflect.Constructor.newInstance(Constructor.java:486)
at org.openqa.selenium.remote.ErrorCodec.decode(ErrorCodec.java:167)
at org.openqa.selenium.remote.codec.w3c.W3CHttpResponseCodec.decode(W3CHttpResponseCodec.java:138)
at org.openqa.selenium.remote.codec.w3c.W3CHttpResponseCodec.decode(W3CHttpResponseCodec.java:50)
at org.openqa.selenium.remote.HttpCommandExecutor.execute(HttpCommandExecutor.java:190)
at org.openqa.selenium.remote.service.DriverCommandExecutor.invokeExecute(DriverCommandExecutor.java:216)
at org.openqa.selenium.remote.service.DriverCommandExecutor.execute(DriverCommandExecutor.java:174)
at org.openqa.selenium.remote.RemoteWebDriver.execute(RemoteWebDriver.java:518)
at org.openqa.selenium.remote.RemoteWebElement.execute(RemoteWebElement.java:223)
at org.openqa.selenium.remote.RemoteWebElement.click(RemoteWebElement.java:76)
at Comprehensive.TC_09.premium(TC_09.java:580)
at java.base/jdk.internal.reflect.DirectMethodHandleAccessor.invoke(DirectMethodHandleAccessor.java:103)
at java.base/java.lang.reflect.Method.invoke(Method.java:580)
at org.testng.internal.invokers.MethodInvocationHelper.invokeMethod(MethodInvocationHelper.java:141)
at org.testng.internal.invokers.TestInvoker.invokeMethod(TestInvoker.java:686)
at org.testng.internal.invokers.TestInvoker.invokeTestMethod(TestInvoker.java:230)
at org.testng.internal.invokers.MethodRunner.runInSequence(MethodRunner.java:63)
at org.testng.internal.invokers.TestInvoker$MethodInvocationAgent.invoke(TestInvoker.java:992)
at org.testng.internal.invokers.TestInvoker.invokeTestMethods(TestInvoker.java:203)
at org.testng.internal.invokers.TestMethodWorker.invokeTestMethods(TestMethodWorker.java:154)
at org.testng.internal.invokers.TestMethodWorker.run(TestMethodWorker.java:134)
at java.base/java.util.concurrent.Executors$RunnableAdapter.call(Executors.java:572)
at java.base/java.util.concurrent.FutureTask.run(FutureTask.java:317)
at org.testng.internal.thread.graph.TestNGFutureTask.run(TestNGFutureTask.java:22)
at java.base/java.util.concurrent.ThreadPoolExecutor.runWorker(ThreadPoolExecutor.java:1144)
at java.base/java.util.concurrent.ThreadPoolExecutor$Worker.run(ThreadPoolExecutor.java:642)
at java.base/java.lang.Thread.run(Thread.java:1583)
]]>
    </error>
  </testcase> <!-- premium -->
  <testcase classname="Comprehensive.TC_09" name="ckyc_yes" time="0.000">
    <skipped/>
  </testcase> <!-- ckyc_yes -->
  <testcase classname="Comprehensive.TC_09" name="ckyc_number" time="0.000">
    <skipped/>
  </testcase> <!-- ckyc_number -->
  <testcase classname="Comprehensive.TC_09" name="dob_calender" time="0.000">
    <skipped/>
  </testcase> <!-- dob_calender -->
  <testcase classname="Comprehensive.TC_09" name="email" time="0.000">
    <skipped/>
  </testcase> <!-- email -->
  <testcase classname="Comprehensive.TC_09" name="Verify_kyc" time="0.000">
    <skipped/>
  </testcase> <!-- Verify_kyc -->
  <testcase classname="Comprehensive.TC_09" name="insured_details" time="0.000">
    <skipped/>
  </testcase> <!-- insured_details -->
  <testcase classname="Comprehensive.TC_09" name="pan" time="0.000">
    <skipped/>
  </testcase> <!-- pan -->
  <testcase classname="Comprehensive.TC_09" name="insureddetails_btn" time="0.000">
    <skipped/>
  </testcase> <!-- insureddetails_btn -->
  <testcase classname="Comprehensive.TC_09" name="address" time="0.000">
    <skipped/>
  </testcase> <!-- address -->
  <testcase classname="Comprehensive.TC_09" name="current_address" time="0.000">
    <skipped/>
  </testcase> <!-- current_address -->
  <testcase classname="Comprehensive.TC_09" name="address_btn" time="0.000">
    <skipped/>
  </testcase> <!-- address_btn -->
  <testcase classname="Comprehensive.TC_09" name="engine" time="0.000">
    <skipped/>
  </testcase> <!-- engine -->
  <testcase classname="Comprehensive.TC_09" name="chasis" time="0.000">
    <skipped/>
  </testcase> <!-- chasis -->
  <testcase classname="Comprehensive.TC_09" name="loan_yes" time="0.000">
    <skipped/>
  </testcase> <!-- loan_yes -->
  <testcase classname="Comprehensive.TC_09" name="bnk_name" time="0.000">
    <skipped/>
  </testcase> <!-- bnk_name -->
  <testcase classname="Comprehensive.TC_09" name="bnk_city" time="0.000">
    <skipped/>
  </testcase> <!-- bnk_city -->
  <testcase classname="Comprehensive.TC_09" name="vehicle_button" time="0.000">
    <skipped/>
  </testcase> <!-- vehicle_button -->
  <testcase classname="Comprehensive.TC_09" name="previous_policy" time="0.000">
    <skipped/>
  </testcase> <!-- previous_policy -->
  <testcase classname="Comprehensive.TC_09" name="terms" time="0.000">
    <skipped/>
  </testcase> <!-- terms -->
  <testcase classname="Comprehensive.TC_09" name="existing_cust" time="0.000">
    <skipped/>
  </testcase> <!-- existing_cust -->
  <testcase classname="Comprehensive.TC_09" name="Make_payment" time="0.000">
    <skipped/>
  </testcase> <!-- Make_payment -->
  <testcase classname="Comprehensive.TC_09" name="Make_payment_rel" time="0.000">
    <skipped/>
  </testcase> <!-- Make_payment_rel -->
  <testcase classname="Comprehensive.TC_09" name="net_banking" time="0.000">
    <skipped/>
  </testcase> <!-- net_banking -->
  <testcase classname="Comprehensive.TC_09" name="select_bank" time="0.000">
    <skipped/>
  </testcase> <!-- select_bank -->
  <testcase classname="Comprehensive.TC_09" name="Rel_payment" time="0.000">
    <skipped/>
  </testcase> <!-- Rel_payment -->
  <testcase classname="Comprehensive.TC_09" name="success_payment" time="0.000">
    <skipped/>
  </testcase> <!-- success_payment -->
  <testcase classname="Comprehensive.TC_09" name="get_policyno" time="0.000">
    <skipped/>
  </testcase> <!-- get_policyno -->
</testsuite> <!-- Comprehensive.TC_09 -->
