<?xml version="1.0" encoding="UTF-8"?>
<!-- Generated by org.testng.reporters.JUnitReportReporter -->
<testsuite hostname="QA-VishalB" failures="0" tests="60" name="SAOD.TC_06" time="135.209" errors="1" timestamp="2024-09-13T15:39:24 IST" skipped="27">
  <testcase classname="SAOD.TC_06" name="clickCarModule" time="2.975"/>
  <testcase classname="SAOD.TC_06" name="dontknowcar" time="0.185"/>
  <testcase classname="SAOD.TC_06" name="standalone_OD" time="0.625"/>
  <testcase classname="SAOD.TC_06" name="exisitngTP_popup" time="0.826"/>
  <testcase classname="SAOD.TC_06" name="rto_num" time="1.502"/>
  <testcase classname="SAOD.TC_06" name="reg_date" time="2.368"/>
  <testcase classname="SAOD.TC_06" name="vehicle_num" time="0.308"/>
  <testcase classname="SAOD.TC_06" name="make" time="0.462"/>
  <testcase classname="SAOD.TC_06" name="model" time="1.112"/>
  <testcase classname="SAOD.TC_06" name="variant" time="0.606"/>
  <testcase classname="SAOD.TC_06" name="previous_pol" time="0.276"/>
  <testcase classname="SAOD.TC_06" name="existing_insurer" time="0.219"/>
  <testcase classname="SAOD.TC_06" name="OD_Expirydate" time="0.507"/>
  <testcase classname="SAOD.TC_06" name="owner_type" time="0.086"/>
  <testcase classname="SAOD.TC_06" name="ownership_no" time="0.092"/>
  <testcase classname="SAOD.TC_06" name="claim_No" time="0.090"/>
  <testcase classname="SAOD.TC_06" name="ncb_drpdwn" time="0.153"/>
  <testcase classname="SAOD.TC_06" name="fullname" time="0.284"/>
  <testcase classname="SAOD.TC_06" name="mobnum" time="0.301"/>
  <testcase classname="SAOD.TC_06" name="term_con" time="0.116"/>
  <testcase classname="SAOD.TC_06" name="get_quote" time="11.765"/>
  <testcase classname="SAOD.TC_06" name="addons_drpdown" time="35.327"/>
  <testcase classname="SAOD.TC_06" name="addons_select" time="0.938"/>
  <testcase classname="SAOD.TC_06" name="claimfor_zerodep" time="0.106"/>
  <testcase classname="SAOD.TC_06" name="zrodep_btn" time="0.217"/>
  <testcase classname="SAOD.TC_06" name="all_addons" time="14.801"/>
  <testcase classname="SAOD.TC_06" name="Accessrios_cover" time="1.094"/>
  <testcase classname="SAOD.TC_06" name="elec_acc" time="8.562"/>
  <testcase classname="SAOD.TC_06" name="non_elec" time="1.750"/>
  <testcase classname="SAOD.TC_06" name="pa_cover" time="28.967"/>
  <testcase classname="SAOD.TC_06" name="discounts" time="9.299"/>
  <testcase classname="SAOD.TC_06" name="cng" time="8.371"/>
  <testcase classname="SAOD.TC_06" name="premium" time="0.918">
    <error message="stale element reference: stale element not found in the current frame
  (Session info: chrome=128.0.6613.138)
For documentation on this error, please visit: https://www.selenium.dev/documentation/webdriver/troubleshooting/errors#stale-element-reference-exception
Build info: version: &#039;4.21.0&#039;, revision: &#039;79ed462ef4&#039;
System info: os.name: &#039;Windows 10&#039;, os.arch: &#039;amd64&#039;, os.version: &#039;10.0&#039;, java.version: &#039;21.0.4&#039;
Driver info: org.openqa.selenium.chrome.ChromeDriver
Command: [03aeb7e212036d9aa3378c6e9c1e6f59, executeScript {args=[{element-6066-11e4-a52e-4f735466cecf=f.744E4EF7A2A9DE01D2E5F803DFC9BDF2.d.4FD776FE7E141276DE2DB45B57E8DFC8.e.594}], script=arguments[0].scrollIntoView(false);}]
Capabilities {acceptInsecureCerts: false, browserName: chrome, browserVersion: 128.0.6613.138, chrome: {chromedriverVersion: 128.0.6613.137 (fe621c5aa2d..., userDataDir: C:\Users\A757\AppData\Local...}, fedcm:accounts: true, goog:chromeOptions: {debuggerAddress: localhost:49197}, networkConnectionEnabled: false, pageLoadStrategy: normal, platformName: windows, proxy: Proxy(), se:cdp: ws://localhost:49197/devtoo..., se:cdpVersion: 128.0.6613.138, setWindowRect: true, strictFileInteractability: false, timeouts: {implicit: 0, pageLoad: 300000, script: 30000}, unhandledPromptBehavior: dismiss and notify, webauthn:extension:credBlob: true, webauthn:extension:largeBlob: true, webauthn:extension:minPinLength: true, webauthn:extension:prf: true, webauthn:virtualAuthenticators: true}
Session ID: 03aeb7e212036d9aa3378c6e9c1e6f59" type="org.openqa.selenium.StaleElementReferenceException">
      <![CDATA[org.openqa.selenium.StaleElementReferenceException: stale element reference: stale element not found in the current frame
  (Session info: chrome=128.0.6613.138)
For documentation on this error, please visit: https://www.selenium.dev/documentation/webdriver/troubleshooting/errors#stale-element-reference-exception
Build info: version: '4.21.0', revision: '79ed462ef4'
System info: os.name: 'Windows 10', os.arch: 'amd64', os.version: '10.0', java.version: '21.0.4'
Driver info: org.openqa.selenium.chrome.ChromeDriver
Command: [03aeb7e212036d9aa3378c6e9c1e6f59, executeScript {args=[{element-6066-11e4-a52e-4f735466cecf=f.744E4EF7A2A9DE01D2E5F803DFC9BDF2.d.4FD776FE7E141276DE2DB45B57E8DFC8.e.594}], script=arguments[0].scrollIntoView(false);}]
Capabilities {acceptInsecureCerts: false, browserName: chrome, browserVersion: 128.0.6613.138, chrome: {chromedriverVersion: 128.0.6613.137 (fe621c5aa2d..., userDataDir: C:\Users\A757\AppData\Local...}, fedcm:accounts: true, goog:chromeOptions: {debuggerAddress: localhost:49197}, networkConnectionEnabled: false, pageLoadStrategy: normal, platformName: windows, proxy: Proxy(), se:cdp: ws://localhost:49197/devtoo..., se:cdpVersion: 128.0.6613.138, setWindowRect: true, strictFileInteractability: false, timeouts: {implicit: 0, pageLoad: 300000, script: 30000}, unhandledPromptBehavior: dismiss and notify, webauthn:extension:credBlob: true, webauthn:extension:largeBlob: true, webauthn:extension:minPinLength: true, webauthn:extension:prf: true, webauthn:virtualAuthenticators: true}
Session ID: 03aeb7e212036d9aa3378c6e9c1e6f59
at java.base/jdk.internal.reflect.DirectConstructorHandleAccessor.newInstance(DirectConstructorHandleAccessor.java:62)
at java.base/java.lang.reflect.Constructor.newInstanceWithCaller(Constructor.java:502)
at java.base/java.lang.reflect.Constructor.newInstance(Constructor.java:486)
at org.openqa.selenium.remote.ErrorCodec.decode(ErrorCodec.java:167)
at org.openqa.selenium.remote.codec.w3c.W3CHttpResponseCodec.decode(W3CHttpResponseCodec.java:138)
at org.openqa.selenium.remote.codec.w3c.W3CHttpResponseCodec.decode(W3CHttpResponseCodec.java:50)
at org.openqa.selenium.remote.HttpCommandExecutor.execute(HttpCommandExecutor.java:190)
at org.openqa.selenium.remote.service.DriverCommandExecutor.invokeExecute(DriverCommandExecutor.java:216)
at org.openqa.selenium.remote.service.DriverCommandExecutor.execute(DriverCommandExecutor.java:174)
at org.openqa.selenium.remote.RemoteWebDriver.execute(RemoteWebDriver.java:518)
at org.openqa.selenium.remote.RemoteWebDriver.executeScript(RemoteWebDriver.java:463)
at SAOD.TC_06.premium(TC_06.java:581)
at java.base/jdk.internal.reflect.DirectMethodHandleAccessor.invoke(DirectMethodHandleAccessor.java:103)
at java.base/java.lang.reflect.Method.invoke(Method.java:580)
at org.testng.internal.invokers.MethodInvocationHelper.invokeMethod(MethodInvocationHelper.java:141)
at org.testng.internal.invokers.TestInvoker.invokeMethod(TestInvoker.java:686)
at org.testng.internal.invokers.TestInvoker.invokeTestMethod(TestInvoker.java:230)
at org.testng.internal.invokers.MethodRunner.runInSequence(MethodRunner.java:63)
at org.testng.internal.invokers.TestInvoker$MethodInvocationAgent.invoke(TestInvoker.java:992)
at org.testng.internal.invokers.TestInvoker.invokeTestMethods(TestInvoker.java:203)
at org.testng.internal.invokers.TestMethodWorker.invokeTestMethods(TestMethodWorker.java:154)
at org.testng.internal.invokers.TestMethodWorker.run(TestMethodWorker.java:134)
at java.base/java.util.concurrent.Executors$RunnableAdapter.call(Executors.java:572)
at java.base/java.util.concurrent.FutureTask.run(FutureTask.java:317)
at org.testng.internal.thread.graph.TestNGFutureTask.run(TestNGFutureTask.java:22)
at java.base/java.util.concurrent.ThreadPoolExecutor.runWorker(ThreadPoolExecutor.java:1144)
at java.base/java.util.concurrent.ThreadPoolExecutor$Worker.run(ThreadPoolExecutor.java:642)
at java.base/java.lang.Thread.run(Thread.java:1583)
]]>
    </error>
  </testcase> <!-- premium -->
  <testcase classname="SAOD.TC_06" name="ckyc_yes" time="0.000">
    <skipped/>
  </testcase> <!-- ckyc_yes -->
  <testcase classname="SAOD.TC_06" name="ckyc_number" time="0.000">
    <skipped/>
  </testcase> <!-- ckyc_number -->
  <testcase classname="SAOD.TC_06" name="dob_calender" time="0.000">
    <skipped/>
  </testcase> <!-- dob_calender -->
  <testcase classname="SAOD.TC_06" name="email" time="0.000">
    <skipped/>
  </testcase> <!-- email -->
  <testcase classname="SAOD.TC_06" name="Verify_kyc" time="0.000">
    <skipped/>
  </testcase> <!-- Verify_kyc -->
  <testcase classname="SAOD.TC_06" name="insured_details" time="0.000">
    <skipped/>
  </testcase> <!-- insured_details -->
  <testcase classname="SAOD.TC_06" name="pan" time="0.000">
    <skipped/>
  </testcase> <!-- pan -->
  <testcase classname="SAOD.TC_06" name="insureddetails_btn" time="0.000">
    <skipped/>
  </testcase> <!-- insureddetails_btn -->
  <testcase classname="SAOD.TC_06" name="address" time="0.000">
    <skipped/>
  </testcase> <!-- address -->
  <testcase classname="SAOD.TC_06" name="current_address" time="0.000">
    <skipped/>
  </testcase> <!-- current_address -->
  <testcase classname="SAOD.TC_06" name="address_btn" time="0.000">
    <skipped/>
  </testcase> <!-- address_btn -->
  <testcase classname="SAOD.TC_06" name="engine" time="0.000">
    <skipped/>
  </testcase> <!-- engine -->
  <testcase classname="SAOD.TC_06" name="chasis" time="0.000">
    <skipped/>
  </testcase> <!-- chasis -->
  <testcase classname="SAOD.TC_06" name="loan_yes" time="0.000">
    <skipped/>
  </testcase> <!-- loan_yes -->
  <testcase classname="SAOD.TC_06" name="bnk_name" time="0.000">
    <skipped/>
  </testcase> <!-- bnk_name -->
  <testcase classname="SAOD.TC_06" name="bnk_city" time="0.000">
    <skipped/>
  </testcase> <!-- bnk_city -->
  <testcase classname="SAOD.TC_06" name="vehicle_button" time="0.000">
    <skipped/>
  </testcase> <!-- vehicle_button -->
  <testcase classname="SAOD.TC_06" name="previous_policy" time="0.000">
    <skipped/>
  </testcase> <!-- previous_policy -->
  <testcase classname="SAOD.TC_06" name="terms" time="0.000">
    <skipped/>
  </testcase> <!-- terms -->
  <testcase classname="SAOD.TC_06" name="existing_cust" time="0.000">
    <skipped/>
  </testcase> <!-- existing_cust -->
  <testcase classname="SAOD.TC_06" name="Make_payment" time="0.000">
    <skipped/>
  </testcase> <!-- Make_payment -->
  <testcase classname="SAOD.TC_06" name="Make_payment_rel" time="0.001">
    <skipped/>
  </testcase> <!-- Make_payment_rel -->
  <testcase classname="SAOD.TC_06" name="net_banking" time="0.000">
    <skipped/>
  </testcase> <!-- net_banking -->
  <testcase classname="SAOD.TC_06" name="select_bank" time="0.000">
    <skipped/>
  </testcase> <!-- select_bank -->
  <testcase classname="SAOD.TC_06" name="Rel_payment" time="0.000">
    <skipped/>
  </testcase> <!-- Rel_payment -->
  <testcase classname="SAOD.TC_06" name="success_payment" time="0.000">
    <skipped/>
  </testcase> <!-- success_payment -->
  <testcase classname="SAOD.TC_06" name="get_policyno" time="0.000">
    <skipped/>
  </testcase> <!-- get_policyno -->
</testsuite> <!-- SAOD.TC_06 -->
