<?xml version="1.0" encoding="UTF-8"?>
<!-- Generated by org.testng.reporters.JUnitReportReporter -->
<testsuite hostname="QA-VishalB" failures="0" tests="56" name="ThirdParty.TC_11" time="77.042" errors="1" timestamp="2024-09-16T17:02:01 IST" skipped="18">
  <testcase classname="ThirdParty.TC_11" name="clickCarModule" time="6.037"/>
  <testcase classname="ThirdParty.TC_11" name="dontknowcar" time="2.932"/>
  <testcase classname="ThirdParty.TC_11" name="Third_party" time="0.179"/>
  <testcase classname="ThirdParty.TC_11" name="exisitngTP_popup" time="0.001"/>
  <testcase classname="ThirdParty.TC_11" name="rto_num" time="0.794"/>
  <testcase classname="ThirdParty.TC_11" name="reg_date" time="0.753"/>
  <testcase classname="ThirdParty.TC_11" name="vehicle_num" time="0.218"/>
  <testcase classname="ThirdParty.TC_11" name="make" time="0.682"/>
  <testcase classname="ThirdParty.TC_11" name="model" time="0.534"/>
  <testcase classname="ThirdParty.TC_11" name="variant" time="0.393"/>
  <testcase classname="ThirdParty.TC_11" name="previous_pol" time="0.172"/>
  <testcase classname="ThirdParty.TC_11" name="existing_insurer" time="0.277"/>
  <testcase classname="ThirdParty.TC_11" name="pol_Expirydate" time="0.649"/>
  <testcase classname="ThirdParty.TC_11" name="owner_type" time="0.135"/>
  <testcase classname="ThirdParty.TC_11" name="ownership_no" time="0.243"/>
  <testcase classname="ThirdParty.TC_11" name="claim_No" time="0.001"/>
  <testcase classname="ThirdParty.TC_11" name="ncb_drpdwn" time="0.001"/>
  <testcase classname="ThirdParty.TC_11" name="fullname" time="0.288"/>
  <testcase classname="ThirdParty.TC_11" name="mobnum" time="0.156"/>
  <testcase classname="ThirdParty.TC_11" name="term_con" time="0.198"/>
  <testcase classname="ThirdParty.TC_11" name="get_quote" time="0.465"/>
  <testcase classname="ThirdParty.TC_11" name="pa_cover" time="30.483"/>
  <testcase classname="ThirdParty.TC_11" name="cng" time="12.966"/>
  <testcase classname="ThirdParty.TC_11" name="premium" time="2.702"/>
  <testcase classname="ThirdParty.TC_11" name="kyc_button" time="1.055"/>
  <testcase classname="ThirdParty.TC_11" name="ckyc_number" time="0.250"/>
  <testcase classname="ThirdParty.TC_11" name="dob_calender" time="0.719"/>
  <testcase classname="ThirdParty.TC_11" name="email" time="0.211"/>
  <testcase classname="ThirdParty.TC_11" name="Verify_kyc" time="0.170"/>
  <testcase classname="ThirdParty.TC_11" name="Marital" time="2.937"/>
  <testcase classname="ThirdParty.TC_11" name="pan" time="0.605"/>
  <testcase classname="ThirdParty.TC_11" name="email_reset" time="0.490"/>
  <testcase classname="ThirdParty.TC_11" name="insureddetails_btn" time="0.122"/>
  <testcase classname="ThirdParty.TC_11" name="address" time="2.184"/>
  <testcase classname="ThirdParty.TC_11" name="current_address" time="0.095"/>
  <testcase classname="ThirdParty.TC_11" name="address_btn" time="0.111"/>
  <testcase classname="ThirdParty.TC_11" name="nomin_name" time="4.750"/>
  <testcase classname="ThirdParty.TC_11" name="nominee_marital" time="2.084">
    <error message="Cannot locate option with text: Sibling
For documentation on this error, please visit: https://www.selenium.dev/documentation/webdriver/troubleshooting/errors#no-such-element-exception
Build info: version: &#039;4.21.0&#039;, revision: &#039;79ed462ef4&#039;
System info: os.name: &#039;Windows 10&#039;, os.arch: &#039;amd64&#039;, os.version: &#039;10.0&#039;, java.version: &#039;21.0.4&#039;
Driver info: driver.version: unknown" type="org.openqa.selenium.NoSuchElementException">
      <![CDATA[org.openqa.selenium.NoSuchElementException: Cannot locate option with text: Sibling
For documentation on this error, please visit: https://www.selenium.dev/documentation/webdriver/troubleshooting/errors#no-such-element-exception
Build info: version: '4.21.0', revision: '79ed462ef4'
System info: os.name: 'Windows 10', os.arch: 'amd64', os.version: '10.0', java.version: '21.0.4'
Driver info: driver.version: unknown
at org.openqa.selenium.support.ui.Select.selectByVisibleText(Select.java:153)
at ThirdParty.TC_11.nominee_marital(TC_11.java:641)
at java.base/jdk.internal.reflect.DirectMethodHandleAccessor.invoke(DirectMethodHandleAccessor.java:103)
at java.base/java.lang.reflect.Method.invoke(Method.java:580)
at org.testng.internal.invokers.MethodInvocationHelper.invokeMethod(MethodInvocationHelper.java:141)
at org.testng.internal.invokers.TestInvoker.invokeMethod(TestInvoker.java:686)
at org.testng.internal.invokers.TestInvoker.invokeTestMethod(TestInvoker.java:230)
at org.testng.internal.invokers.MethodRunner.runInSequence(MethodRunner.java:63)
at org.testng.internal.invokers.TestInvoker$MethodInvocationAgent.invoke(TestInvoker.java:992)
at org.testng.internal.invokers.TestInvoker.invokeTestMethods(TestInvoker.java:203)
at org.testng.internal.invokers.TestMethodWorker.invokeTestMethods(TestMethodWorker.java:154)
at org.testng.internal.invokers.TestMethodWorker.run(TestMethodWorker.java:134)
at java.base/java.util.concurrent.Executors$RunnableAdapter.call(Executors.java:572)
at java.base/java.util.concurrent.FutureTask.run(FutureTask.java:317)
at org.testng.internal.thread.graph.TestNGFutureTask.run(TestNGFutureTask.java:22)
at java.base/java.util.concurrent.ThreadPoolExecutor.runWorker(ThreadPoolExecutor.java:1144)
at java.base/java.util.concurrent.ThreadPoolExecutor$Worker.run(ThreadPoolExecutor.java:642)
at java.base/java.lang.Thread.run(Thread.java:1583)
]]>
    </error>
  </testcase> <!-- nominee_marital -->
  <testcase classname="ThirdParty.TC_11" name="nominee_dob" time="0.000">
    <skipped/>
  </testcase> <!-- nominee_dob -->
  <testcase classname="ThirdParty.TC_11" name="nominee_btn" time="0.000">
    <skipped/>
  </testcase> <!-- nominee_btn -->
  <testcase classname="ThirdParty.TC_11" name="engine" time="0.000">
    <skipped/>
  </testcase> <!-- engine -->
  <testcase classname="ThirdParty.TC_11" name="chasis" time="0.000">
    <skipped/>
  </testcase> <!-- chasis -->
  <testcase classname="ThirdParty.TC_11" name="loan_yes" time="0.000">
    <skipped/>
  </testcase> <!-- loan_yes -->
  <testcase classname="ThirdParty.TC_11" name="bnk_name" time="0.000">
    <skipped/>
  </testcase> <!-- bnk_name -->
  <testcase classname="ThirdParty.TC_11" name="bnk_city" time="0.000">
    <skipped/>
  </testcase> <!-- bnk_city -->
  <testcase classname="ThirdParty.TC_11" name="vehicle_button" time="0.000">
    <skipped/>
  </testcase> <!-- vehicle_button -->
  <testcase classname="ThirdParty.TC_11" name="previous_policy" time="0.000">
    <skipped/>
  </testcase> <!-- previous_policy -->
  <testcase classname="ThirdParty.TC_11" name="terms" time="0.000">
    <skipped/>
  </testcase> <!-- terms -->
  <testcase classname="ThirdParty.TC_11" name="existing_cust" time="0.000">
    <skipped/>
  </testcase> <!-- existing_cust -->
  <testcase classname="ThirdParty.TC_11" name="Make_payment" time="0.000">
    <skipped/>
  </testcase> <!-- Make_payment -->
  <testcase classname="ThirdParty.TC_11" name="Make_payment_rel" time="0.000">
    <skipped/>
  </testcase> <!-- Make_payment_rel -->
  <testcase classname="ThirdParty.TC_11" name="net_banking" time="0.000">
    <skipped/>
  </testcase> <!-- net_banking -->
  <testcase classname="ThirdParty.TC_11" name="select_bank" time="0.000">
    <skipped/>
  </testcase> <!-- select_bank -->
  <testcase classname="ThirdParty.TC_11" name="Rel_payment" time="0.000">
    <skipped/>
  </testcase> <!-- Rel_payment -->
  <testcase classname="ThirdParty.TC_11" name="success_payment" time="0.000">
    <skipped/>
  </testcase> <!-- success_payment -->
  <testcase classname="ThirdParty.TC_11" name="get_policyno" time="0.000">
    <skipped/>
  </testcase> <!-- get_policyno -->
</testsuite> <!-- ThirdParty.TC_11 -->
