<?xml version="1.0" encoding="UTF-8"?>
<!-- Generated by org.testng.reporters.JUnitReportReporter -->
<testsuite hostname="QA-VishalB" failures="0" tests="60" name="ThirdParty.TC_14" time="308.403" errors="2" timestamp="2024-09-16T17:02:01 IST" skipped="21">
  <testcase classname="ThirdParty.TC_14" name="clickCarModule" time="5.158"/>
  <testcase classname="ThirdParty.TC_14" name="dontknowcar" time="1.750"/>
  <testcase classname="ThirdParty.TC_14" name="TP" time="0.244"/>
  <testcase classname="ThirdParty.TC_14" name="exisitngTP_popup" time="0.001"/>
  <testcase classname="ThirdParty.TC_14" name="rto_num" time="0.948"/>
  <testcase classname="ThirdParty.TC_14" name="reg_date" time="2.116"/>
  <testcase classname="ThirdParty.TC_14" name="vehicle_num" time="1.059"/>
  <testcase classname="ThirdParty.TC_14" name="make" time="0.637"/>
  <testcase classname="ThirdParty.TC_14" name="model" time="0.721"/>
  <testcase classname="ThirdParty.TC_14" name="variant" time="0.398"/>
  <testcase classname="ThirdParty.TC_14" name="previous_pol" time="0.661"/>
  <testcase classname="ThirdParty.TC_14" name="existing_insurer" time="0.909"/>
  <testcase classname="ThirdParty.TC_14" name="pol_Expirydate" time="0.503"/>
  <testcase classname="ThirdParty.TC_14" name="owner_type" time="0.788"/>
  <testcase classname="ThirdParty.TC_14" name="ownership_no" time="0.000"/>
  <testcase classname="ThirdParty.TC_14" name="claim_No" time="0.001"/>
  <testcase classname="ThirdParty.TC_14" name="ncb_drpdwn" time="0.005"/>
  <testcase classname="ThirdParty.TC_14" name="fullname" time="0.321"/>
  <testcase classname="ThirdParty.TC_14" name="mobnum" time="0.519"/>
  <testcase classname="ThirdParty.TC_14" name="term_con" time="0.279"/>
  <testcase classname="ThirdParty.TC_14" name="get_quote" time="0.327"/>
  <testcase classname="ThirdParty.TC_14" name="addons_drpdown" time="0.000"/>
  <testcase classname="ThirdParty.TC_14" name="addons_select" time="0.001"/>
  <testcase classname="ThirdParty.TC_14" name="claimfor_zerodep" time="0.001"/>
  <testcase classname="ThirdParty.TC_14" name="zrodep_btn" time="0.001"/>
  <testcase classname="ThirdParty.TC_14" name="all_addons" time="0.001"/>
  <testcase classname="ThirdParty.TC_14" name="Accessrios_cover" time="0.001"/>
  <testcase classname="ThirdParty.TC_14" name="elec_acc" time="0.001"/>
  <testcase classname="ThirdParty.TC_14" name="non_elec" time="0.005"/>
  <testcase classname="ThirdParty.TC_14" name="pa_cover" time="121.529">
    <error message="no such element: Unable to locate element: {&quot;method&quot;:&quot;xpath&quot;,&quot;selector&quot;:&quot;//li[@id=&#039;PersonalAccidentdropdown__filter&#039;]&quot;}
  (Session info: chrome=128.0.6613.138)
For documentation on this error, please visit: https://www.selenium.dev/documentation/webdriver/troubleshooting/errors#no-such-element-exception
Build info: version: &#039;4.21.0&#039;, revision: &#039;79ed462ef4&#039;
System info: os.name: &#039;Windows 10&#039;, os.arch: &#039;amd64&#039;, os.version: &#039;10.0&#039;, java.version: &#039;21.0.4&#039;
Driver info: org.openqa.selenium.chrome.ChromeDriver
Command: [d95d5ae0fc42537a1038377971f95440, findElement {value=//li[@id=&#039;PersonalAccidentdropdown__filter&#039;], using=xpath}]
Capabilities {acceptInsecureCerts: false, browserName: chrome, browserVersion: 128.0.6613.138, chrome: {chromedriverVersion: 128.0.6613.137 (fe621c5aa2d..., userDataDir: C:\Users\A757\AppData\Local...}, fedcm:accounts: true, goog:chromeOptions: {debuggerAddress: localhost:63386}, networkConnectionEnabled: false, pageLoadStrategy: normal, platformName: windows, proxy: Proxy(), se:cdp: ws://localhost:63386/devtoo..., se:cdpVersion: 128.0.6613.138, setWindowRect: true, strictFileInteractability: false, timeouts: {implicit: 0, pageLoad: 300000, script: 30000}, unhandledPromptBehavior: dismiss and notify, webauthn:extension:credBlob: true, webauthn:extension:largeBlob: true, webauthn:extension:minPinLength: true, webauthn:extension:prf: true, webauthn:virtualAuthenticators: true}
Session ID: d95d5ae0fc42537a1038377971f95440" type="org.openqa.selenium.NoSuchElementException">
      <![CDATA[org.openqa.selenium.NoSuchElementException: no such element: Unable to locate element: {"method":"xpath","selector":"//li[@id='PersonalAccidentdropdown__filter']"}
  (Session info: chrome=128.0.6613.138)
For documentation on this error, please visit: https://www.selenium.dev/documentation/webdriver/troubleshooting/errors#no-such-element-exception
Build info: version: '4.21.0', revision: '79ed462ef4'
System info: os.name: 'Windows 10', os.arch: 'amd64', os.version: '10.0', java.version: '21.0.4'
Driver info: org.openqa.selenium.chrome.ChromeDriver
Command: [d95d5ae0fc42537a1038377971f95440, findElement {value=//li[@id='PersonalAccidentdropdown__filter'], using=xpath}]
Capabilities {acceptInsecureCerts: false, browserName: chrome, browserVersion: 128.0.6613.138, chrome: {chromedriverVersion: 128.0.6613.137 (fe621c5aa2d..., userDataDir: C:\Users\A757\AppData\Local...}, fedcm:accounts: true, goog:chromeOptions: {debuggerAddress: localhost:63386}, networkConnectionEnabled: false, pageLoadStrategy: normal, platformName: windows, proxy: Proxy(), se:cdp: ws://localhost:63386/devtoo..., se:cdpVersion: 128.0.6613.138, setWindowRect: true, strictFileInteractability: false, timeouts: {implicit: 0, pageLoad: 300000, script: 30000}, unhandledPromptBehavior: dismiss and notify, webauthn:extension:credBlob: true, webauthn:extension:largeBlob: true, webauthn:extension:minPinLength: true, webauthn:extension:prf: true, webauthn:virtualAuthenticators: true}
Session ID: d95d5ae0fc42537a1038377971f95440
at java.base/jdk.internal.reflect.DirectConstructorHandleAccessor.newInstance(DirectConstructorHandleAccessor.java:62)
at java.base/java.lang.reflect.Constructor.newInstanceWithCaller(Constructor.java:502)
at java.base/java.lang.reflect.Constructor.newInstance(Constructor.java:486)
at org.openqa.selenium.remote.ErrorCodec.decode(ErrorCodec.java:167)
at org.openqa.selenium.remote.codec.w3c.W3CHttpResponseCodec.decode(W3CHttpResponseCodec.java:138)
at org.openqa.selenium.remote.codec.w3c.W3CHttpResponseCodec.decode(W3CHttpResponseCodec.java:50)
at org.openqa.selenium.remote.HttpCommandExecutor.execute(HttpCommandExecutor.java:190)
at org.openqa.selenium.remote.service.DriverCommandExecutor.invokeExecute(DriverCommandExecutor.java:216)
at org.openqa.selenium.remote.service.DriverCommandExecutor.execute(DriverCommandExecutor.java:174)
at org.openqa.selenium.remote.RemoteWebDriver.execute(RemoteWebDriver.java:518)
at org.openqa.selenium.remote.ElementLocation$ElementFinder$2.findElement(ElementLocation.java:165)
at org.openqa.selenium.remote.ElementLocation.findElement(ElementLocation.java:59)
at org.openqa.selenium.remote.RemoteWebDriver.findElement(RemoteWebDriver.java:355)
at org.openqa.selenium.remote.RemoteWebDriver.findElement(RemoteWebDriver.java:349)
at ThirdParty.TC_14.pa_cover(TC_14.java:499)
at java.base/jdk.internal.reflect.DirectMethodHandleAccessor.invoke(DirectMethodHandleAccessor.java:103)
at java.base/java.lang.reflect.Method.invoke(Method.java:580)
at org.testng.internal.invokers.MethodInvocationHelper.invokeMethod(MethodInvocationHelper.java:141)
at org.testng.internal.invokers.TestInvoker.invokeMethod(TestInvoker.java:686)
at org.testng.internal.invokers.TestInvoker.invokeTestMethod(TestInvoker.java:230)
at org.testng.internal.invokers.MethodRunner.runInSequence(MethodRunner.java:63)
at org.testng.internal.invokers.TestInvoker$MethodInvocationAgent.invoke(TestInvoker.java:992)
at org.testng.internal.invokers.TestInvoker.invokeTestMethods(TestInvoker.java:203)
at org.testng.internal.invokers.TestMethodWorker.invokeTestMethods(TestMethodWorker.java:154)
at org.testng.internal.invokers.TestMethodWorker.run(TestMethodWorker.java:134)
at java.base/java.util.concurrent.Executors$RunnableAdapter.call(Executors.java:572)
at java.base/java.util.concurrent.FutureTask.run(FutureTask.java:317)
at org.testng.internal.thread.graph.TestNGFutureTask.run(TestNGFutureTask.java:22)
at java.base/java.util.concurrent.ThreadPoolExecutor.runWorker(ThreadPoolExecutor.java:1144)
at java.base/java.util.concurrent.ThreadPoolExecutor$Worker.run(ThreadPoolExecutor.java:642)
at java.base/java.lang.Thread.run(Thread.java:1583)
]]>
    </error>
  </testcase> <!-- pa_cover -->
  <testcase classname="ThirdParty.TC_14" name="discounts" time="0.000">
    <skipped/>
  </testcase> <!-- discounts -->
  <testcase classname="ThirdParty.TC_14" name="cng" time="0.000">
    <skipped/>
  </testcase> <!-- cng -->
  <testcase classname="ThirdParty.TC_14" name="premium" time="43.846"/>
  <testcase classname="ThirdParty.TC_14" name="ckyc_yes" time="1.118"/>
  <testcase classname="ThirdParty.TC_14" name="ckyc_number" time="0.302"/>
  <testcase classname="ThirdParty.TC_14" name="dob_calender" time="0.657"/>
  <testcase classname="ThirdParty.TC_14" name="email" time="0.256"/>
  <testcase classname="ThirdParty.TC_14" name="Verify_kyc" time="0.126"/>
  <testcase classname="ThirdParty.TC_14" name="insured_details" time="2.549"/>
  <testcase classname="ThirdParty.TC_14" name="pan" time="0.171"/>
  <testcase classname="ThirdParty.TC_14" name="insureddetails_btn" time="120.492">
    <error message="no such window: target window already closed
from unknown error: web view not found
  (Session info: chrome=128.0.6613.138)
Build info: version: &#039;4.21.0&#039;, revision: &#039;79ed462ef4&#039;
System info: os.name: &#039;Windows 10&#039;, os.arch: &#039;amd64&#039;, os.version: &#039;10.0&#039;, java.version: &#039;21.0.4&#039;
Driver info: org.openqa.selenium.chrome.ChromeDriver
Command: [d95d5ae0fc42537a1038377971f95440, findElement {value=//button[@ng-click=&quot;OrgBasicDetailsFormSubmit(&#039;ContactDetails&#039;);&quot;], using=xpath}]
Capabilities {acceptInsecureCerts: false, browserName: chrome, browserVersion: 128.0.6613.138, chrome: {chromedriverVersion: 128.0.6613.137 (fe621c5aa2d..., userDataDir: C:\Users\A757\AppData\Local...}, fedcm:accounts: true, goog:chromeOptions: {debuggerAddress: localhost:63386}, networkConnectionEnabled: false, pageLoadStrategy: normal, platformName: windows, proxy: Proxy(), se:cdp: ws://localhost:63386/devtoo..., se:cdpVersion: 128.0.6613.138, setWindowRect: true, strictFileInteractability: false, timeouts: {implicit: 0, pageLoad: 300000, script: 30000}, unhandledPromptBehavior: dismiss and notify, webauthn:extension:credBlob: true, webauthn:extension:largeBlob: true, webauthn:extension:minPinLength: true, webauthn:extension:prf: true, webauthn:virtualAuthenticators: true}
Session ID: d95d5ae0fc42537a1038377971f95440" type="org.openqa.selenium.NoSuchWindowException">
      <![CDATA[org.openqa.selenium.NoSuchWindowException: no such window: target window already closed
from unknown error: web view not found
  (Session info: chrome=128.0.6613.138)
Build info: version: '4.21.0', revision: '79ed462ef4'
System info: os.name: 'Windows 10', os.arch: 'amd64', os.version: '10.0', java.version: '21.0.4'
Driver info: org.openqa.selenium.chrome.ChromeDriver
Command: [d95d5ae0fc42537a1038377971f95440, findElement {value=//button[@ng-click="OrgBasicDetailsFormSubmit('ContactDetails');"], using=xpath}]
Capabilities {acceptInsecureCerts: false, browserName: chrome, browserVersion: 128.0.6613.138, chrome: {chromedriverVersion: 128.0.6613.137 (fe621c5aa2d..., userDataDir: C:\Users\A757\AppData\Local...}, fedcm:accounts: true, goog:chromeOptions: {debuggerAddress: localhost:63386}, networkConnectionEnabled: false, pageLoadStrategy: normal, platformName: windows, proxy: Proxy(), se:cdp: ws://localhost:63386/devtoo..., se:cdpVersion: 128.0.6613.138, setWindowRect: true, strictFileInteractability: false, timeouts: {implicit: 0, pageLoad: 300000, script: 30000}, unhandledPromptBehavior: dismiss and notify, webauthn:extension:credBlob: true, webauthn:extension:largeBlob: true, webauthn:extension:minPinLength: true, webauthn:extension:prf: true, webauthn:virtualAuthenticators: true}
Session ID: d95d5ae0fc42537a1038377971f95440
at java.base/jdk.internal.reflect.DirectConstructorHandleAccessor.newInstance(DirectConstructorHandleAccessor.java:62)
at java.base/java.lang.reflect.Constructor.newInstanceWithCaller(Constructor.java:502)
at java.base/java.lang.reflect.Constructor.newInstance(Constructor.java:486)
at org.openqa.selenium.remote.ErrorCodec.decode(ErrorCodec.java:167)
at org.openqa.selenium.remote.codec.w3c.W3CHttpResponseCodec.decode(W3CHttpResponseCodec.java:138)
at org.openqa.selenium.remote.codec.w3c.W3CHttpResponseCodec.decode(W3CHttpResponseCodec.java:50)
at org.openqa.selenium.remote.HttpCommandExecutor.execute(HttpCommandExecutor.java:190)
at org.openqa.selenium.remote.service.DriverCommandExecutor.invokeExecute(DriverCommandExecutor.java:216)
at org.openqa.selenium.remote.service.DriverCommandExecutor.execute(DriverCommandExecutor.java:174)
at org.openqa.selenium.remote.RemoteWebDriver.execute(RemoteWebDriver.java:518)
at org.openqa.selenium.remote.ElementLocation$ElementFinder$2.findElement(ElementLocation.java:165)
at org.openqa.selenium.remote.ElementLocation.findElement(ElementLocation.java:59)
at org.openqa.selenium.remote.RemoteWebDriver.findElement(RemoteWebDriver.java:355)
at org.openqa.selenium.remote.RemoteWebDriver.findElement(RemoteWebDriver.java:349)
at ThirdParty.TC_14.insureddetails_btn(TC_14.java:710)
at java.base/jdk.internal.reflect.DirectMethodHandleAccessor.invoke(DirectMethodHandleAccessor.java:103)
at java.base/java.lang.reflect.Method.invoke(Method.java:580)
at org.testng.internal.invokers.MethodInvocationHelper.invokeMethod(MethodInvocationHelper.java:141)
at org.testng.internal.invokers.TestInvoker.invokeMethod(TestInvoker.java:686)
at org.testng.internal.invokers.TestInvoker.invokeTestMethod(TestInvoker.java:230)
at org.testng.internal.invokers.MethodRunner.runInSequence(MethodRunner.java:63)
at org.testng.internal.invokers.TestInvoker$MethodInvocationAgent.invoke(TestInvoker.java:992)
at org.testng.internal.invokers.TestInvoker.invokeTestMethods(TestInvoker.java:203)
at org.testng.internal.invokers.TestMethodWorker.invokeTestMethods(TestMethodWorker.java:154)
at org.testng.internal.invokers.TestMethodWorker.run(TestMethodWorker.java:134)
at java.base/java.util.concurrent.Executors$RunnableAdapter.call(Executors.java:572)
at java.base/java.util.concurrent.FutureTask.run(FutureTask.java:317)
at org.testng.internal.thread.graph.TestNGFutureTask.run(TestNGFutureTask.java:22)
at java.base/java.util.concurrent.ThreadPoolExecutor.runWorker(ThreadPoolExecutor.java:1144)
at java.base/java.util.concurrent.ThreadPoolExecutor$Worker.run(ThreadPoolExecutor.java:642)
at java.base/java.lang.Thread.run(Thread.java:1583)
]]>
    </error>
  </testcase> <!-- insureddetails_btn -->
  <testcase classname="ThirdParty.TC_14" name="address" time="0.000">
    <skipped/>
  </testcase> <!-- address -->
  <testcase classname="ThirdParty.TC_14" name="current_address" time="0.000">
    <skipped/>
  </testcase> <!-- current_address -->
  <testcase classname="ThirdParty.TC_14" name="address_btn" time="0.000">
    <skipped/>
  </testcase> <!-- address_btn -->
  <testcase classname="ThirdParty.TC_14" name="engine" time="0.000">
    <skipped/>
  </testcase> <!-- engine -->
  <testcase classname="ThirdParty.TC_14" name="chasis" time="0.000">
    <skipped/>
  </testcase> <!-- chasis -->
  <testcase classname="ThirdParty.TC_14" name="loan_yes" time="0.000">
    <skipped/>
  </testcase> <!-- loan_yes -->
  <testcase classname="ThirdParty.TC_14" name="bnk_name" time="0.000">
    <skipped/>
  </testcase> <!-- bnk_name -->
  <testcase classname="ThirdParty.TC_14" name="bnk_city" time="0.000">
    <skipped/>
  </testcase> <!-- bnk_city -->
  <testcase classname="ThirdParty.TC_14" name="vehicle_button" time="0.001">
    <skipped/>
  </testcase> <!-- vehicle_button -->
  <testcase classname="ThirdParty.TC_14" name="previous_policy" time="0.000">
    <skipped/>
  </testcase> <!-- previous_policy -->
  <testcase classname="ThirdParty.TC_14" name="terms" time="0.000">
    <skipped/>
  </testcase> <!-- terms -->
  <testcase classname="ThirdParty.TC_14" name="existing_cust" time="0.000">
    <skipped/>
  </testcase> <!-- existing_cust -->
  <testcase classname="ThirdParty.TC_14" name="Make_payment" time="0.000">
    <skipped/>
  </testcase> <!-- Make_payment -->
  <testcase classname="ThirdParty.TC_14" name="Make_payment_rel" time="0.000">
    <skipped/>
  </testcase> <!-- Make_payment_rel -->
  <testcase classname="ThirdParty.TC_14" name="net_banking" time="0.000">
    <skipped/>
  </testcase> <!-- net_banking -->
  <testcase classname="ThirdParty.TC_14" name="select_bank" time="0.000">
    <skipped/>
  </testcase> <!-- select_bank -->
  <testcase classname="ThirdParty.TC_14" name="Rel_payment" time="0.000">
    <skipped/>
  </testcase> <!-- Rel_payment -->
  <testcase classname="ThirdParty.TC_14" name="success_payment" time="0.000">
    <skipped/>
  </testcase> <!-- success_payment -->
  <testcase classname="ThirdParty.TC_14" name="get_policyno" time="0.000">
    <skipped/>
  </testcase> <!-- get_policyno -->
</testsuite> <!-- ThirdParty.TC_14 -->
