<?xml version="1.0" encoding="UTF-8"?>
<!-- Generated by org.testng.reporters.JUnitReportReporter -->
<testsuite hostname="QA-VishalB" failures="0" tests="65" name="Comprehensive.TC_08" time="178.232" errors="1" timestamp="2024-09-13T15:39:24 IST" skipped="32">
  <testcase classname="Comprehensive.TC_08" name="clickCarModule" time="2.529"/>
  <testcase classname="Comprehensive.TC_08" name="dontknowcar" time="2.049"/>
  <testcase classname="Comprehensive.TC_08" name="comprehensive" time="0.631"/>
  <testcase classname="Comprehensive.TC_08" name="exisitngTP_popup" time="0.001"/>
  <testcase classname="Comprehensive.TC_08" name="rto_num" time="1.880"/>
  <testcase classname="Comprehensive.TC_08" name="reg_date" time="2.262"/>
  <testcase classname="Comprehensive.TC_08" name="vehicle_num" time="0.903"/>
  <testcase classname="Comprehensive.TC_08" name="make" time="0.536"/>
  <testcase classname="Comprehensive.TC_08" name="model" time="0.770"/>
  <testcase classname="Comprehensive.TC_08" name="variant" time="0.755"/>
  <testcase classname="Comprehensive.TC_08" name="previous_pol" time="0.234"/>
  <testcase classname="Comprehensive.TC_08" name="existing_insurer" time="0.244"/>
  <testcase classname="Comprehensive.TC_08" name="Previous_Expirydate" time="1.113"/>
  <testcase classname="Comprehensive.TC_08" name="owner_type" time="0.156"/>
  <testcase classname="Comprehensive.TC_08" name="ownership_no" time="0.090"/>
  <testcase classname="Comprehensive.TC_08" name="claim_No" time="0.093"/>
  <testcase classname="Comprehensive.TC_08" name="ncb_drpdwn" time="0.151"/>
  <testcase classname="Comprehensive.TC_08" name="fullname" time="0.339"/>
  <testcase classname="Comprehensive.TC_08" name="mobnum" time="0.400"/>
  <testcase classname="Comprehensive.TC_08" name="term_con" time="0.118"/>
  <testcase classname="Comprehensive.TC_08" name="get_quote" time="8.049"/>
  <testcase classname="Comprehensive.TC_08" name="addons_drpdown" time="43.793"/>
  <testcase classname="Comprehensive.TC_08" name="addons_select" time="1.546"/>
  <testcase classname="Comprehensive.TC_08" name="claimfor_zerodep" time="8.363"/>
  <testcase classname="Comprehensive.TC_08" name="zrodep_btn" time="0.111"/>
  <testcase classname="Comprehensive.TC_08" name="all_addons" time="10.855"/>
  <testcase classname="Comprehensive.TC_08" name="Accessrios_cover" time="1.113"/>
  <testcase classname="Comprehensive.TC_08" name="elec_acc" time="34.705"/>
  <testcase classname="Comprehensive.TC_08" name="non_elec" time="3.079"/>
  <testcase classname="Comprehensive.TC_08" name="pa_cover" time="22.640"/>
  <testcase classname="Comprehensive.TC_08" name="discounts" time="14.885"/>
  <testcase classname="Comprehensive.TC_08" name="cng" time="10.717"/>
  <testcase classname="Comprehensive.TC_08" name="premium" time="3.121">
    <error message="stale element reference: stale element not found in the current frame
  (Session info: chrome=128.0.6613.138)
For documentation on this error, please visit: https://www.selenium.dev/documentation/webdriver/troubleshooting/errors#stale-element-reference-exception
Build info: version: &#039;4.21.0&#039;, revision: &#039;79ed462ef4&#039;
System info: os.name: &#039;Windows 10&#039;, os.arch: &#039;amd64&#039;, os.version: &#039;10.0&#039;, java.version: &#039;21.0.4&#039;
Driver info: org.openqa.selenium.chrome.ChromeDriver
Command: [03f006f40975cc5fa8368bba43582ead, clickElement {id=f.FB40FCDED42DC91ABAB33018FD3E2274.d.8BAA6248EB4361239AD1E0E2B97B572A.e.586}]
Capabilities {acceptInsecureCerts: false, browserName: chrome, browserVersion: 128.0.6613.138, chrome: {chromedriverVersion: 128.0.6613.137 (fe621c5aa2d..., userDataDir: C:\Users\A757\AppData\Local...}, fedcm:accounts: true, goog:chromeOptions: {debuggerAddress: localhost:49324}, networkConnectionEnabled: false, pageLoadStrategy: normal, platformName: windows, proxy: Proxy(), se:cdp: ws://localhost:49324/devtoo..., se:cdpVersion: 128.0.6613.138, setWindowRect: true, strictFileInteractability: false, timeouts: {implicit: 0, pageLoad: 300000, script: 30000}, unhandledPromptBehavior: dismiss and notify, webauthn:extension:credBlob: true, webauthn:extension:largeBlob: true, webauthn:extension:minPinLength: true, webauthn:extension:prf: true, webauthn:virtualAuthenticators: true}
Element: [[ChromeDriver: chrome on windows (03f006f40975cc5fa8368bba43582ead)] -&gt; xpath: //button[@id=&#039;buy_Reliance&#039;]]
Session ID: 03f006f40975cc5fa8368bba43582ead" type="org.openqa.selenium.StaleElementReferenceException">
      <![CDATA[org.openqa.selenium.StaleElementReferenceException: stale element reference: stale element not found in the current frame
  (Session info: chrome=128.0.6613.138)
For documentation on this error, please visit: https://www.selenium.dev/documentation/webdriver/troubleshooting/errors#stale-element-reference-exception
Build info: version: '4.21.0', revision: '79ed462ef4'
System info: os.name: 'Windows 10', os.arch: 'amd64', os.version: '10.0', java.version: '21.0.4'
Driver info: org.openqa.selenium.chrome.ChromeDriver
Command: [03f006f40975cc5fa8368bba43582ead, clickElement {id=f.FB40FCDED42DC91ABAB33018FD3E2274.d.8BAA6248EB4361239AD1E0E2B97B572A.e.586}]
Capabilities {acceptInsecureCerts: false, browserName: chrome, browserVersion: 128.0.6613.138, chrome: {chromedriverVersion: 128.0.6613.137 (fe621c5aa2d..., userDataDir: C:\Users\A757\AppData\Local...}, fedcm:accounts: true, goog:chromeOptions: {debuggerAddress: localhost:49324}, networkConnectionEnabled: false, pageLoadStrategy: normal, platformName: windows, proxy: Proxy(), se:cdp: ws://localhost:49324/devtoo..., se:cdpVersion: 128.0.6613.138, setWindowRect: true, strictFileInteractability: false, timeouts: {implicit: 0, pageLoad: 300000, script: 30000}, unhandledPromptBehavior: dismiss and notify, webauthn:extension:credBlob: true, webauthn:extension:largeBlob: true, webauthn:extension:minPinLength: true, webauthn:extension:prf: true, webauthn:virtualAuthenticators: true}
Element: [[ChromeDriver: chrome on windows (03f006f40975cc5fa8368bba43582ead)] -> xpath: //button[@id='buy_Reliance']]
Session ID: 03f006f40975cc5fa8368bba43582ead
at java.base/jdk.internal.reflect.DirectConstructorHandleAccessor.newInstance(DirectConstructorHandleAccessor.java:62)
at java.base/java.lang.reflect.Constructor.newInstanceWithCaller(Constructor.java:502)
at java.base/java.lang.reflect.Constructor.newInstance(Constructor.java:486)
at org.openqa.selenium.remote.ErrorCodec.decode(ErrorCodec.java:167)
at org.openqa.selenium.remote.codec.w3c.W3CHttpResponseCodec.decode(W3CHttpResponseCodec.java:138)
at org.openqa.selenium.remote.codec.w3c.W3CHttpResponseCodec.decode(W3CHttpResponseCodec.java:50)
at org.openqa.selenium.remote.HttpCommandExecutor.execute(HttpCommandExecutor.java:190)
at org.openqa.selenium.remote.service.DriverCommandExecutor.invokeExecute(DriverCommandExecutor.java:216)
at org.openqa.selenium.remote.service.DriverCommandExecutor.execute(DriverCommandExecutor.java:174)
at org.openqa.selenium.remote.RemoteWebDriver.execute(RemoteWebDriver.java:518)
at org.openqa.selenium.remote.RemoteWebElement.execute(RemoteWebElement.java:223)
at org.openqa.selenium.remote.RemoteWebElement.click(RemoteWebElement.java:76)
at Comprehensive.TC_08.premium(TC_08.java:586)
at java.base/jdk.internal.reflect.DirectMethodHandleAccessor.invoke(DirectMethodHandleAccessor.java:103)
at java.base/java.lang.reflect.Method.invoke(Method.java:580)
at org.testng.internal.invokers.MethodInvocationHelper.invokeMethod(MethodInvocationHelper.java:141)
at org.testng.internal.invokers.TestInvoker.invokeMethod(TestInvoker.java:686)
at org.testng.internal.invokers.TestInvoker.invokeTestMethod(TestInvoker.java:230)
at org.testng.internal.invokers.MethodRunner.runInSequence(MethodRunner.java:63)
at org.testng.internal.invokers.TestInvoker$MethodInvocationAgent.invoke(TestInvoker.java:992)
at org.testng.internal.invokers.TestInvoker.invokeTestMethods(TestInvoker.java:203)
at org.testng.internal.invokers.TestMethodWorker.invokeTestMethods(TestMethodWorker.java:154)
at org.testng.internal.invokers.TestMethodWorker.run(TestMethodWorker.java:134)
at java.base/java.util.concurrent.Executors$RunnableAdapter.call(Executors.java:572)
at java.base/java.util.concurrent.FutureTask.run(FutureTask.java:317)
at org.testng.internal.thread.graph.TestNGFutureTask.run(TestNGFutureTask.java:22)
at java.base/java.util.concurrent.ThreadPoolExecutor.runWorker(ThreadPoolExecutor.java:1144)
at java.base/java.util.concurrent.ThreadPoolExecutor$Worker.run(ThreadPoolExecutor.java:642)
at java.base/java.lang.Thread.run(Thread.java:1583)
]]>
    </error>
  </testcase> <!-- premium -->
  <testcase classname="Comprehensive.TC_08" name="kyc_button" time="0.000">
    <skipped/>
  </testcase> <!-- kyc_button -->
  <testcase classname="Comprehensive.TC_08" name="ckyc_number" time="0.000">
    <skipped/>
  </testcase> <!-- ckyc_number -->
  <testcase classname="Comprehensive.TC_08" name="dob_calender" time="0.000">
    <skipped/>
  </testcase> <!-- dob_calender -->
  <testcase classname="Comprehensive.TC_08" name="email" time="0.000">
    <skipped/>
  </testcase> <!-- email -->
  <testcase classname="Comprehensive.TC_08" name="Verify_kyc" time="0.000">
    <skipped/>
  </testcase> <!-- Verify_kyc -->
  <testcase classname="Comprehensive.TC_08" name="Marital" time="0.000">
    <skipped/>
  </testcase> <!-- Marital -->
  <testcase classname="Comprehensive.TC_08" name="pan" time="0.000">
    <skipped/>
  </testcase> <!-- pan -->
  <testcase classname="Comprehensive.TC_08" name="email_reset" time="0.000">
    <skipped/>
  </testcase> <!-- email_reset -->
  <testcase classname="Comprehensive.TC_08" name="insureddetails_btn" time="0.000">
    <skipped/>
  </testcase> <!-- insureddetails_btn -->
  <testcase classname="Comprehensive.TC_08" name="address" time="0.000">
    <skipped/>
  </testcase> <!-- address -->
  <testcase classname="Comprehensive.TC_08" name="current_address" time="0.000">
    <skipped/>
  </testcase> <!-- current_address -->
  <testcase classname="Comprehensive.TC_08" name="address_btn" time="0.000">
    <skipped/>
  </testcase> <!-- address_btn -->
  <testcase classname="Comprehensive.TC_08" name="nomin_name" time="0.001">
    <skipped/>
  </testcase> <!-- nomin_name -->
  <testcase classname="Comprehensive.TC_08" name="nominee_marital" time="0.000">
    <skipped/>
  </testcase> <!-- nominee_marital -->
  <testcase classname="Comprehensive.TC_08" name="nominee_dob" time="0.000">
    <skipped/>
  </testcase> <!-- nominee_dob -->
  <testcase classname="Comprehensive.TC_08" name="nominee_btn" time="0.000">
    <skipped/>
  </testcase> <!-- nominee_btn -->
  <testcase classname="Comprehensive.TC_08" name="engine" time="0.000">
    <skipped/>
  </testcase> <!-- engine -->
  <testcase classname="Comprehensive.TC_08" name="chasis" time="0.000">
    <skipped/>
  </testcase> <!-- chasis -->
  <testcase classname="Comprehensive.TC_08" name="loan_yes" time="0.000">
    <skipped/>
  </testcase> <!-- loan_yes -->
  <testcase classname="Comprehensive.TC_08" name="bnk_name" time="0.000">
    <skipped/>
  </testcase> <!-- bnk_name -->
  <testcase classname="Comprehensive.TC_08" name="bnk_city" time="0.000">
    <skipped/>
  </testcase> <!-- bnk_city -->
  <testcase classname="Comprehensive.TC_08" name="vehicle_button" time="0.000">
    <skipped/>
  </testcase> <!-- vehicle_button -->
  <testcase classname="Comprehensive.TC_08" name="previous_policy" time="0.000">
    <skipped/>
  </testcase> <!-- previous_policy -->
  <testcase classname="Comprehensive.TC_08" name="terms" time="0.000">
    <skipped/>
  </testcase> <!-- terms -->
  <testcase classname="Comprehensive.TC_08" name="existing_cust" time="0.000">
    <skipped/>
  </testcase> <!-- existing_cust -->
  <testcase classname="Comprehensive.TC_08" name="Make_payment" time="0.000">
    <skipped/>
  </testcase> <!-- Make_payment -->
  <testcase classname="Comprehensive.TC_08" name="Make_payment_rel" time="0.000">
    <skipped/>
  </testcase> <!-- Make_payment_rel -->
  <testcase classname="Comprehensive.TC_08" name="net_banking" time="0.000">
    <skipped/>
  </testcase> <!-- net_banking -->
  <testcase classname="Comprehensive.TC_08" name="select_bank" time="0.000">
    <skipped/>
  </testcase> <!-- select_bank -->
  <testcase classname="Comprehensive.TC_08" name="Rel_payment" time="0.000">
    <skipped/>
  </testcase> <!-- Rel_payment -->
  <testcase classname="Comprehensive.TC_08" name="success_payment" time="0.000">
    <skipped/>
  </testcase> <!-- success_payment -->
  <testcase classname="Comprehensive.TC_08" name="get_policyno" time="0.000">
    <skipped/>
  </testcase> <!-- get_policyno -->
</testsuite> <!-- Comprehensive.TC_08 -->
