<?xml version="1.0" encoding="UTF-8"?>
<!-- Generated by org.testng.reporters.JUnitReportReporter -->
<testsuite hostname="QA-VishalB" failures="0" tests="65" name="SAOD.TC_05" time="162.927" errors="2" timestamp="2024-09-13T15:39:24 IST" skipped="34">
  <testcase classname="SAOD.TC_05" name="clickCarModule" time="9.084"/>
  <testcase classname="SAOD.TC_05" name="dontknowcar" time="0.279"/>
  <testcase classname="SAOD.TC_05" name="standalone_OD" time="0.189"/>
  <testcase classname="SAOD.TC_05" name="exisitngTP_popup" time="0.249"/>
  <testcase classname="SAOD.TC_05" name="rto_num" time="1.015"/>
  <testcase classname="SAOD.TC_05" name="reg_date" time="1.712"/>
  <testcase classname="SAOD.TC_05" name="vehicle_num" time="0.557"/>
  <testcase classname="SAOD.TC_05" name="make" time="0.495"/>
  <testcase classname="SAOD.TC_05" name="model" time="0.770"/>
  <testcase classname="SAOD.TC_05" name="variant" time="0.575"/>
  <testcase classname="SAOD.TC_05" name="previous_pol" time="0.212"/>
  <testcase classname="SAOD.TC_05" name="existing_insurer" time="0.205"/>
  <testcase classname="SAOD.TC_05" name="OD_Expirydate" time="0.528"/>
  <testcase classname="SAOD.TC_05" name="owner_type" time="0.094"/>
  <testcase classname="SAOD.TC_05" name="ownership_no" time="0.098"/>
  <testcase classname="SAOD.TC_05" name="claim_No" time="0.098"/>
  <testcase classname="SAOD.TC_05" name="ncb_drpdwn" time="0.161"/>
  <testcase classname="SAOD.TC_05" name="fullname" time="0.357"/>
  <testcase classname="SAOD.TC_05" name="mobnum" time="0.198"/>
  <testcase classname="SAOD.TC_05" name="term_con" time="0.138"/>
  <testcase classname="SAOD.TC_05" name="get_quote" time="0.197"/>
  <testcase classname="SAOD.TC_05" name="addons_drpdown" time="17.540"/>
  <testcase classname="SAOD.TC_05" name="addons_select" time="1.238"/>
  <testcase classname="SAOD.TC_05" name="claimfor_zerodep" time="0.114"/>
  <testcase classname="SAOD.TC_05" name="zrodep_btn" time="0.160"/>
  <testcase classname="SAOD.TC_05" name="all_addons" time="14.851"/>
  <testcase classname="SAOD.TC_05" name="Accessrios_cover" time="34.936"/>
  <testcase classname="SAOD.TC_05" name="elec_acc" time="10.200"/>
  <testcase classname="SAOD.TC_05" name="non_elec" time="1.632"/>
  <testcase classname="SAOD.TC_05" name="pa_cover" time="13.269">
    <error message="element click intercepted: Element &lt;li id=&quot;PersonalAccidentdropdown__filter&quot; class=&quot;dropdown__filter-selected&quot; aria-selected=&quot;true&quot;&gt;...&lt;/li&gt; is not clickable at point (620, 13). Other element would receive the click: &lt;a href=&quot;javascript:void(0);&quot; id=&quot;renewal-link&quot;&gt;...&lt;/a&gt;
  (Session info: chrome=128.0.6613.138)
Build info: version: &#039;4.21.0&#039;, revision: &#039;79ed462ef4&#039;
System info: os.name: &#039;Windows 10&#039;, os.arch: &#039;amd64&#039;, os.version: &#039;10.0&#039;, java.version: &#039;21.0.4&#039;
Driver info: org.openqa.selenium.chrome.ChromeDriver
Command: [9b728bbf879f40812ddcd1fb6b9bc733, clickElement {id=f.A3D237782020C1048EC7BCB0C974CF7A.d.17AF7690A7AF7AD29E12F4410D66337E.e.1206}]
Capabilities {acceptInsecureCerts: false, browserName: chrome, browserVersion: 128.0.6613.138, chrome: {chromedriverVersion: 128.0.6613.137 (fe621c5aa2d..., userDataDir: C:\Users\A757\AppData\Local...}, fedcm:accounts: true, goog:chromeOptions: {debuggerAddress: localhost:65470}, networkConnectionEnabled: false, pageLoadStrategy: normal, platformName: windows, proxy: Proxy(), se:cdp: ws://localhost:65470/devtoo..., se:cdpVersion: 128.0.6613.138, setWindowRect: true, strictFileInteractability: false, timeouts: {implicit: 0, pageLoad: 300000, script: 30000}, unhandledPromptBehavior: dismiss and notify, webauthn:extension:credBlob: true, webauthn:extension:largeBlob: true, webauthn:extension:minPinLength: true, webauthn:extension:prf: true, webauthn:virtualAuthenticators: true}
Element: [[ChromeDriver: chrome on windows (9b728bbf879f40812ddcd1fb6b9bc733)] -&gt; xpath: //li[@id=&#039;PersonalAccidentdropdown__filter&#039;]]
Session ID: 9b728bbf879f40812ddcd1fb6b9bc733" type="org.openqa.selenium.ElementClickInterceptedException">
      <![CDATA[org.openqa.selenium.ElementClickInterceptedException: element click intercepted: Element <li id="PersonalAccidentdropdown__filter" class="dropdown__filter-selected" aria-selected="true">...</li> is not clickable at point (620, 13). Other element would receive the click: <a href="javascript:void(0);" id="renewal-link">...</a>
  (Session info: chrome=128.0.6613.138)
Build info: version: '4.21.0', revision: '79ed462ef4'
System info: os.name: 'Windows 10', os.arch: 'amd64', os.version: '10.0', java.version: '21.0.4'
Driver info: org.openqa.selenium.chrome.ChromeDriver
Command: [9b728bbf879f40812ddcd1fb6b9bc733, clickElement {id=f.A3D237782020C1048EC7BCB0C974CF7A.d.17AF7690A7AF7AD29E12F4410D66337E.e.1206}]
Capabilities {acceptInsecureCerts: false, browserName: chrome, browserVersion: 128.0.6613.138, chrome: {chromedriverVersion: 128.0.6613.137 (fe621c5aa2d..., userDataDir: C:\Users\A757\AppData\Local...}, fedcm:accounts: true, goog:chromeOptions: {debuggerAddress: localhost:65470}, networkConnectionEnabled: false, pageLoadStrategy: normal, platformName: windows, proxy: Proxy(), se:cdp: ws://localhost:65470/devtoo..., se:cdpVersion: 128.0.6613.138, setWindowRect: true, strictFileInteractability: false, timeouts: {implicit: 0, pageLoad: 300000, script: 30000}, unhandledPromptBehavior: dismiss and notify, webauthn:extension:credBlob: true, webauthn:extension:largeBlob: true, webauthn:extension:minPinLength: true, webauthn:extension:prf: true, webauthn:virtualAuthenticators: true}
Element: [[ChromeDriver: chrome on windows (9b728bbf879f40812ddcd1fb6b9bc733)] -> xpath: //li[@id='PersonalAccidentdropdown__filter']]
Session ID: 9b728bbf879f40812ddcd1fb6b9bc733
at java.base/jdk.internal.reflect.DirectConstructorHandleAccessor.newInstance(DirectConstructorHandleAccessor.java:62)
at java.base/java.lang.reflect.Constructor.newInstanceWithCaller(Constructor.java:502)
at java.base/java.lang.reflect.Constructor.newInstance(Constructor.java:486)
at org.openqa.selenium.remote.ErrorCodec.decode(ErrorCodec.java:167)
at org.openqa.selenium.remote.codec.w3c.W3CHttpResponseCodec.decode(W3CHttpResponseCodec.java:138)
at org.openqa.selenium.remote.codec.w3c.W3CHttpResponseCodec.decode(W3CHttpResponseCodec.java:50)
at org.openqa.selenium.remote.HttpCommandExecutor.execute(HttpCommandExecutor.java:190)
at org.openqa.selenium.remote.service.DriverCommandExecutor.invokeExecute(DriverCommandExecutor.java:216)
at org.openqa.selenium.remote.service.DriverCommandExecutor.execute(DriverCommandExecutor.java:174)
at org.openqa.selenium.remote.RemoteWebDriver.execute(RemoteWebDriver.java:518)
at org.openqa.selenium.remote.RemoteWebElement.execute(RemoteWebElement.java:223)
at org.openqa.selenium.remote.RemoteWebElement.click(RemoteWebElement.java:76)
at SAOD.TC_05.pa_cover(TC_05.java:500)
at java.base/jdk.internal.reflect.DirectMethodHandleAccessor.invoke(DirectMethodHandleAccessor.java:103)
at java.base/java.lang.reflect.Method.invoke(Method.java:580)
at org.testng.internal.invokers.MethodInvocationHelper.invokeMethod(MethodInvocationHelper.java:141)
at org.testng.internal.invokers.TestInvoker.invokeMethod(TestInvoker.java:686)
at org.testng.internal.invokers.TestInvoker.invokeTestMethod(TestInvoker.java:230)
at org.testng.internal.invokers.MethodRunner.runInSequence(MethodRunner.java:63)
at org.testng.internal.invokers.TestInvoker$MethodInvocationAgent.invoke(TestInvoker.java:992)
at org.testng.internal.invokers.TestInvoker.invokeTestMethods(TestInvoker.java:203)
at org.testng.internal.invokers.TestMethodWorker.invokeTestMethods(TestMethodWorker.java:154)
at org.testng.internal.invokers.TestMethodWorker.run(TestMethodWorker.java:134)
at java.base/java.util.concurrent.Executors$RunnableAdapter.call(Executors.java:572)
at java.base/java.util.concurrent.FutureTask.run(FutureTask.java:317)
at org.testng.internal.thread.graph.TestNGFutureTask.run(TestNGFutureTask.java:22)
at java.base/java.util.concurrent.ThreadPoolExecutor.runWorker(ThreadPoolExecutor.java:1144)
at java.base/java.util.concurrent.ThreadPoolExecutor$Worker.run(ThreadPoolExecutor.java:642)
at java.base/java.lang.Thread.run(Thread.java:1583)
]]>
    </error>
  </testcase> <!-- pa_cover -->
  <testcase classname="SAOD.TC_05" name="discounts" time="0.000">
    <skipped/>
  </testcase> <!-- discounts -->
  <testcase classname="SAOD.TC_05" name="cng" time="0.000">
    <skipped/>
  </testcase> <!-- cng -->
  <testcase classname="SAOD.TC_05" name="premium" time="51.776">
    <error message="stale element reference: stale element not found in the current frame
  (Session info: chrome=128.0.6613.138)
For documentation on this error, please visit: https://www.selenium.dev/documentation/webdriver/troubleshooting/errors#stale-element-reference-exception
Build info: version: &#039;4.21.0&#039;, revision: &#039;79ed462ef4&#039;
System info: os.name: &#039;Windows 10&#039;, os.arch: &#039;amd64&#039;, os.version: &#039;10.0&#039;, java.version: &#039;21.0.4&#039;
Driver info: org.openqa.selenium.chrome.ChromeDriver
Command: [9b728bbf879f40812ddcd1fb6b9bc733, clickElement {id=f.A3D237782020C1048EC7BCB0C974CF7A.d.17AF7690A7AF7AD29E12F4410D66337E.e.611}]
Capabilities {acceptInsecureCerts: false, browserName: chrome, browserVersion: 128.0.6613.138, chrome: {chromedriverVersion: 128.0.6613.137 (fe621c5aa2d..., userDataDir: C:\Users\A757\AppData\Local...}, fedcm:accounts: true, goog:chromeOptions: {debuggerAddress: localhost:65470}, networkConnectionEnabled: false, pageLoadStrategy: normal, platformName: windows, proxy: Proxy(), se:cdp: ws://localhost:65470/devtoo..., se:cdpVersion: 128.0.6613.138, setWindowRect: true, strictFileInteractability: false, timeouts: {implicit: 0, pageLoad: 300000, script: 30000}, unhandledPromptBehavior: dismiss and notify, webauthn:extension:credBlob: true, webauthn:extension:largeBlob: true, webauthn:extension:minPinLength: true, webauthn:extension:prf: true, webauthn:virtualAuthenticators: true}
Element: [[ChromeDriver: chrome on windows (9b728bbf879f40812ddcd1fb6b9bc733)] -&gt; xpath: //button[@id=&#039;buy_RelianceODOnly&#039;]]
Session ID: 9b728bbf879f40812ddcd1fb6b9bc733" type="org.openqa.selenium.StaleElementReferenceException">
      <![CDATA[org.openqa.selenium.StaleElementReferenceException: stale element reference: stale element not found in the current frame
  (Session info: chrome=128.0.6613.138)
For documentation on this error, please visit: https://www.selenium.dev/documentation/webdriver/troubleshooting/errors#stale-element-reference-exception
Build info: version: '4.21.0', revision: '79ed462ef4'
System info: os.name: 'Windows 10', os.arch: 'amd64', os.version: '10.0', java.version: '21.0.4'
Driver info: org.openqa.selenium.chrome.ChromeDriver
Command: [9b728bbf879f40812ddcd1fb6b9bc733, clickElement {id=f.A3D237782020C1048EC7BCB0C974CF7A.d.17AF7690A7AF7AD29E12F4410D66337E.e.611}]
Capabilities {acceptInsecureCerts: false, browserName: chrome, browserVersion: 128.0.6613.138, chrome: {chromedriverVersion: 128.0.6613.137 (fe621c5aa2d..., userDataDir: C:\Users\A757\AppData\Local...}, fedcm:accounts: true, goog:chromeOptions: {debuggerAddress: localhost:65470}, networkConnectionEnabled: false, pageLoadStrategy: normal, platformName: windows, proxy: Proxy(), se:cdp: ws://localhost:65470/devtoo..., se:cdpVersion: 128.0.6613.138, setWindowRect: true, strictFileInteractability: false, timeouts: {implicit: 0, pageLoad: 300000, script: 30000}, unhandledPromptBehavior: dismiss and notify, webauthn:extension:credBlob: true, webauthn:extension:largeBlob: true, webauthn:extension:minPinLength: true, webauthn:extension:prf: true, webauthn:virtualAuthenticators: true}
Element: [[ChromeDriver: chrome on windows (9b728bbf879f40812ddcd1fb6b9bc733)] -> xpath: //button[@id='buy_RelianceODOnly']]
Session ID: 9b728bbf879f40812ddcd1fb6b9bc733
at java.base/jdk.internal.reflect.DirectConstructorHandleAccessor.newInstance(DirectConstructorHandleAccessor.java:62)
at java.base/java.lang.reflect.Constructor.newInstanceWithCaller(Constructor.java:502)
at java.base/java.lang.reflect.Constructor.newInstance(Constructor.java:486)
at org.openqa.selenium.remote.ErrorCodec.decode(ErrorCodec.java:167)
at org.openqa.selenium.remote.codec.w3c.W3CHttpResponseCodec.decode(W3CHttpResponseCodec.java:138)
at org.openqa.selenium.remote.codec.w3c.W3CHttpResponseCodec.decode(W3CHttpResponseCodec.java:50)
at org.openqa.selenium.remote.HttpCommandExecutor.execute(HttpCommandExecutor.java:190)
at org.openqa.selenium.remote.service.DriverCommandExecutor.invokeExecute(DriverCommandExecutor.java:216)
at org.openqa.selenium.remote.service.DriverCommandExecutor.execute(DriverCommandExecutor.java:174)
at org.openqa.selenium.remote.RemoteWebDriver.execute(RemoteWebDriver.java:518)
at org.openqa.selenium.remote.RemoteWebElement.execute(RemoteWebElement.java:223)
at org.openqa.selenium.remote.RemoteWebElement.click(RemoteWebElement.java:76)
at SAOD.TC_05.premium(TC_05.java:582)
at java.base/jdk.internal.reflect.DirectMethodHandleAccessor.invoke(DirectMethodHandleAccessor.java:103)
at java.base/java.lang.reflect.Method.invoke(Method.java:580)
at org.testng.internal.invokers.MethodInvocationHelper.invokeMethod(MethodInvocationHelper.java:141)
at org.testng.internal.invokers.TestInvoker.invokeMethod(TestInvoker.java:686)
at org.testng.internal.invokers.TestInvoker.invokeTestMethod(TestInvoker.java:230)
at org.testng.internal.invokers.MethodRunner.runInSequence(MethodRunner.java:63)
at org.testng.internal.invokers.TestInvoker$MethodInvocationAgent.invoke(TestInvoker.java:992)
at org.testng.internal.invokers.TestInvoker.invokeTestMethods(TestInvoker.java:203)
at org.testng.internal.invokers.TestMethodWorker.invokeTestMethods(TestMethodWorker.java:154)
at org.testng.internal.invokers.TestMethodWorker.run(TestMethodWorker.java:134)
at java.base/java.util.concurrent.Executors$RunnableAdapter.call(Executors.java:572)
at java.base/java.util.concurrent.FutureTask.run(FutureTask.java:317)
at org.testng.internal.thread.graph.TestNGFutureTask.run(TestNGFutureTask.java:22)
at java.base/java.util.concurrent.ThreadPoolExecutor.runWorker(ThreadPoolExecutor.java:1144)
at java.base/java.util.concurrent.ThreadPoolExecutor$Worker.run(ThreadPoolExecutor.java:642)
at java.base/java.lang.Thread.run(Thread.java:1583)
]]>
    </error>
  </testcase> <!-- premium -->
  <testcase classname="SAOD.TC_05" name="kyc_button" time="0.000">
    <skipped/>
  </testcase> <!-- kyc_button -->
  <testcase classname="SAOD.TC_05" name="ckyc_number" time="0.000">
    <skipped/>
  </testcase> <!-- ckyc_number -->
  <testcase classname="SAOD.TC_05" name="dob_calender" time="0.000">
    <skipped/>
  </testcase> <!-- dob_calender -->
  <testcase classname="SAOD.TC_05" name="email" time="0.000">
    <skipped/>
  </testcase> <!-- email -->
  <testcase classname="SAOD.TC_05" name="Verify_kyc" time="0.000">
    <skipped/>
  </testcase> <!-- Verify_kyc -->
  <testcase classname="SAOD.TC_05" name="Marital" time="0.000">
    <skipped/>
  </testcase> <!-- Marital -->
  <testcase classname="SAOD.TC_05" name="pan" time="0.000">
    <skipped/>
  </testcase> <!-- pan -->
  <testcase classname="SAOD.TC_05" name="email_reset" time="0.000">
    <skipped/>
  </testcase> <!-- email_reset -->
  <testcase classname="SAOD.TC_05" name="insureddetails_btn" time="0.000">
    <skipped/>
  </testcase> <!-- insureddetails_btn -->
  <testcase classname="SAOD.TC_05" name="address" time="0.000">
    <skipped/>
  </testcase> <!-- address -->
  <testcase classname="SAOD.TC_05" name="current_address" time="0.000">
    <skipped/>
  </testcase> <!-- current_address -->
  <testcase classname="SAOD.TC_05" name="address_btn" time="0.000">
    <skipped/>
  </testcase> <!-- address_btn -->
  <testcase classname="SAOD.TC_05" name="nomin_name" time="0.000">
    <skipped/>
  </testcase> <!-- nomin_name -->
  <testcase classname="SAOD.TC_05" name="nominee_marital" time="0.000">
    <skipped/>
  </testcase> <!-- nominee_marital -->
  <testcase classname="SAOD.TC_05" name="nominee_dob" time="0.000">
    <skipped/>
  </testcase> <!-- nominee_dob -->
  <testcase classname="SAOD.TC_05" name="nominee_btn" time="0.000">
    <skipped/>
  </testcase> <!-- nominee_btn -->
  <testcase classname="SAOD.TC_05" name="engine" time="0.000">
    <skipped/>
  </testcase> <!-- engine -->
  <testcase classname="SAOD.TC_05" name="chasis" time="0.000">
    <skipped/>
  </testcase> <!-- chasis -->
  <testcase classname="SAOD.TC_05" name="loan_yes" time="0.000">
    <skipped/>
  </testcase> <!-- loan_yes -->
  <testcase classname="SAOD.TC_05" name="bnk_name" time="0.000">
    <skipped/>
  </testcase> <!-- bnk_name -->
  <testcase classname="SAOD.TC_05" name="bnk_city" time="0.000">
    <skipped/>
  </testcase> <!-- bnk_city -->
  <testcase classname="SAOD.TC_05" name="vehicle_button" time="0.000">
    <skipped/>
  </testcase> <!-- vehicle_button -->
  <testcase classname="SAOD.TC_05" name="previous_policy" time="0.000">
    <skipped/>
  </testcase> <!-- previous_policy -->
  <testcase classname="SAOD.TC_05" name="terms" time="0.000">
    <skipped/>
  </testcase> <!-- terms -->
  <testcase classname="SAOD.TC_05" name="existing_cust" time="0.000">
    <skipped/>
  </testcase> <!-- existing_cust -->
  <testcase classname="SAOD.TC_05" name="Make_payment" time="0.000">
    <skipped/>
  </testcase> <!-- Make_payment -->
  <testcase classname="SAOD.TC_05" name="Make_payment_rel" time="0.000">
    <skipped/>
  </testcase> <!-- Make_payment_rel -->
  <testcase classname="SAOD.TC_05" name="net_banking" time="0.000">
    <skipped/>
  </testcase> <!-- net_banking -->
  <testcase classname="SAOD.TC_05" name="select_bank" time="0.000">
    <skipped/>
  </testcase> <!-- select_bank -->
  <testcase classname="SAOD.TC_05" name="Rel_payment" time="0.000">
    <skipped/>
  </testcase> <!-- Rel_payment -->
  <testcase classname="SAOD.TC_05" name="success_payment" time="0.000">
    <skipped/>
  </testcase> <!-- success_payment -->
  <testcase classname="SAOD.TC_05" name="get_policyno" time="0.000">
    <skipped/>
  </testcase> <!-- get_policyno -->
</testsuite> <!-- SAOD.TC_05 -->
