<?xml version="1.0" encoding="UTF-8"?>
<!-- Generated by org.testng.reporters.JUnitReportReporter -->
<testsuite hostname="QA-VishalB" failures="0" tests="52" name="SAOD.TC_04" time="27.341" errors="1" timestamp="2024-09-13T15:39:24 IST" skipped="30">
  <testcase classname="SAOD.TC_04" name="clickCarModule" time="3.660"/>
  <testcase classname="SAOD.TC_04" name="dontknowcar" time="0.480"/>
  <testcase classname="SAOD.TC_04" name="standalone_OD" time="0.243"/>
  <testcase classname="SAOD.TC_04" name="exisitngTP_popup" time="0.743"/>
  <testcase classname="SAOD.TC_04" name="rto_num" time="1.234"/>
  <testcase classname="SAOD.TC_04" name="reg_date" time="1.113"/>
  <testcase classname="SAOD.TC_04" name="vehicle_num" time="0.742"/>
  <testcase classname="SAOD.TC_04" name="make" time="0.635"/>
  <testcase classname="SAOD.TC_04" name="model" time="0.670"/>
  <testcase classname="SAOD.TC_04" name="variant" time="0.843"/>
  <testcase classname="SAOD.TC_04" name="previous_pol" time="0.320"/>
  <testcase classname="SAOD.TC_04" name="existing_insurer" time="0.237"/>
  <testcase classname="SAOD.TC_04" name="OD_Expirydate" time="0.442"/>
  <testcase classname="SAOD.TC_04" name="owner_type" time="0.082"/>
  <testcase classname="SAOD.TC_04" name="ownership_no" time="0.093"/>
  <testcase classname="SAOD.TC_04" name="claim_No" time="0.085"/>
  <testcase classname="SAOD.TC_04" name="ncb_drpdwn" time="0.139"/>
  <testcase classname="SAOD.TC_04" name="fullname" time="0.216"/>
  <testcase classname="SAOD.TC_04" name="mobnum" time="0.287"/>
  <testcase classname="SAOD.TC_04" name="term_con" time="0.178"/>
  <testcase classname="SAOD.TC_04" name="get_quote" time="0.164"/>
  <testcase classname="SAOD.TC_04" name="premium" time="14.734">
    <error message="stale element reference: stale element not found in the current frame
  (Session info: chrome=128.0.6613.138)
For documentation on this error, please visit: https://www.selenium.dev/documentation/webdriver/troubleshooting/errors#stale-element-reference-exception
Build info: version: &#039;4.21.0&#039;, revision: &#039;79ed462ef4&#039;
System info: os.name: &#039;Windows 10&#039;, os.arch: &#039;amd64&#039;, os.version: &#039;10.0&#039;, java.version: &#039;21.0.4&#039;
Driver info: org.openqa.selenium.chrome.ChromeDriver
Command: [37e3863accfc98d259d9754585db2795, clickElement {id=f.42B14990AB45CE406D394B1B622871B9.d.8CA72CF4FBEDF05858DB3365336E0806.e.755}]
Capabilities {acceptInsecureCerts: false, browserName: chrome, browserVersion: 128.0.6613.138, chrome: {chromedriverVersion: 128.0.6613.137 (fe621c5aa2d..., userDataDir: C:\Users\A757\AppData\Local...}, fedcm:accounts: true, goog:chromeOptions: {debuggerAddress: localhost:65471}, networkConnectionEnabled: false, pageLoadStrategy: normal, platformName: windows, proxy: Proxy(), se:cdp: ws://localhost:65471/devtoo..., se:cdpVersion: 128.0.6613.138, setWindowRect: true, strictFileInteractability: false, timeouts: {implicit: 0, pageLoad: 300000, script: 30000}, unhandledPromptBehavior: dismiss and notify, webauthn:extension:credBlob: true, webauthn:extension:largeBlob: true, webauthn:extension:minPinLength: true, webauthn:extension:prf: true, webauthn:virtualAuthenticators: true}
Element: [[ChromeDriver: chrome on windows (37e3863accfc98d259d9754585db2795)] -&gt; xpath: //button[@id=&#039;buy_RelianceODOnly&#039;]]
Session ID: 37e3863accfc98d259d9754585db2795" type="org.openqa.selenium.StaleElementReferenceException">
      <![CDATA[org.openqa.selenium.StaleElementReferenceException: stale element reference: stale element not found in the current frame
  (Session info: chrome=128.0.6613.138)
For documentation on this error, please visit: https://www.selenium.dev/documentation/webdriver/troubleshooting/errors#stale-element-reference-exception
Build info: version: '4.21.0', revision: '79ed462ef4'
System info: os.name: 'Windows 10', os.arch: 'amd64', os.version: '10.0', java.version: '21.0.4'
Driver info: org.openqa.selenium.chrome.ChromeDriver
Command: [37e3863accfc98d259d9754585db2795, clickElement {id=f.42B14990AB45CE406D394B1B622871B9.d.8CA72CF4FBEDF05858DB3365336E0806.e.755}]
Capabilities {acceptInsecureCerts: false, browserName: chrome, browserVersion: 128.0.6613.138, chrome: {chromedriverVersion: 128.0.6613.137 (fe621c5aa2d..., userDataDir: C:\Users\A757\AppData\Local...}, fedcm:accounts: true, goog:chromeOptions: {debuggerAddress: localhost:65471}, networkConnectionEnabled: false, pageLoadStrategy: normal, platformName: windows, proxy: Proxy(), se:cdp: ws://localhost:65471/devtoo..., se:cdpVersion: 128.0.6613.138, setWindowRect: true, strictFileInteractability: false, timeouts: {implicit: 0, pageLoad: 300000, script: 30000}, unhandledPromptBehavior: dismiss and notify, webauthn:extension:credBlob: true, webauthn:extension:largeBlob: true, webauthn:extension:minPinLength: true, webauthn:extension:prf: true, webauthn:virtualAuthenticators: true}
Element: [[ChromeDriver: chrome on windows (37e3863accfc98d259d9754585db2795)] -> xpath: //button[@id='buy_RelianceODOnly']]
Session ID: 37e3863accfc98d259d9754585db2795
at java.base/jdk.internal.reflect.DirectConstructorHandleAccessor.newInstance(DirectConstructorHandleAccessor.java:62)
at java.base/java.lang.reflect.Constructor.newInstanceWithCaller(Constructor.java:502)
at java.base/java.lang.reflect.Constructor.newInstance(Constructor.java:486)
at org.openqa.selenium.remote.ErrorCodec.decode(ErrorCodec.java:167)
at org.openqa.selenium.remote.codec.w3c.W3CHttpResponseCodec.decode(W3CHttpResponseCodec.java:138)
at org.openqa.selenium.remote.codec.w3c.W3CHttpResponseCodec.decode(W3CHttpResponseCodec.java:50)
at org.openqa.selenium.remote.HttpCommandExecutor.execute(HttpCommandExecutor.java:190)
at org.openqa.selenium.remote.service.DriverCommandExecutor.invokeExecute(DriverCommandExecutor.java:216)
at org.openqa.selenium.remote.service.DriverCommandExecutor.execute(DriverCommandExecutor.java:174)
at org.openqa.selenium.remote.RemoteWebDriver.execute(RemoteWebDriver.java:518)
at org.openqa.selenium.remote.RemoteWebElement.execute(RemoteWebElement.java:223)
at org.openqa.selenium.remote.RemoteWebElement.click(RemoteWebElement.java:76)
at SAOD.TC_04.premium(TC_04.java:367)
at java.base/jdk.internal.reflect.DirectMethodHandleAccessor.invoke(DirectMethodHandleAccessor.java:103)
at java.base/java.lang.reflect.Method.invoke(Method.java:580)
at org.testng.internal.invokers.MethodInvocationHelper.invokeMethod(MethodInvocationHelper.java:141)
at org.testng.internal.invokers.TestInvoker.invokeMethod(TestInvoker.java:686)
at org.testng.internal.invokers.TestInvoker.invokeTestMethod(TestInvoker.java:230)
at org.testng.internal.invokers.MethodRunner.runInSequence(MethodRunner.java:63)
at org.testng.internal.invokers.TestInvoker$MethodInvocationAgent.invoke(TestInvoker.java:992)
at org.testng.internal.invokers.TestInvoker.invokeTestMethods(TestInvoker.java:203)
at org.testng.internal.invokers.TestMethodWorker.invokeTestMethods(TestMethodWorker.java:154)
at org.testng.internal.invokers.TestMethodWorker.run(TestMethodWorker.java:134)
at java.base/java.util.concurrent.Executors$RunnableAdapter.call(Executors.java:572)
at java.base/java.util.concurrent.FutureTask.run(FutureTask.java:317)
at org.testng.internal.thread.graph.TestNGFutureTask.run(TestNGFutureTask.java:22)
at java.base/java.util.concurrent.ThreadPoolExecutor.runWorker(ThreadPoolExecutor.java:1144)
at java.base/java.util.concurrent.ThreadPoolExecutor$Worker.run(ThreadPoolExecutor.java:642)
at java.base/java.lang.Thread.run(Thread.java:1583)
]]>
    </error>
  </testcase> <!-- premium -->
  <testcase classname="SAOD.TC_04" name="kyc_button" time="0.000">
    <skipped/>
  </testcase> <!-- kyc_button -->
  <testcase classname="SAOD.TC_04" name="ckyc_number" time="0.000">
    <skipped/>
  </testcase> <!-- ckyc_number -->
  <testcase classname="SAOD.TC_04" name="dob_calender" time="0.000">
    <skipped/>
  </testcase> <!-- dob_calender -->
  <testcase classname="SAOD.TC_04" name="email" time="0.000">
    <skipped/>
  </testcase> <!-- email -->
  <testcase classname="SAOD.TC_04" name="Verify_kyc" time="0.000">
    <skipped/>
  </testcase> <!-- Verify_kyc -->
  <testcase classname="SAOD.TC_04" name="Marital" time="0.000">
    <skipped/>
  </testcase> <!-- Marital -->
  <testcase classname="SAOD.TC_04" name="pan" time="0.000">
    <skipped/>
  </testcase> <!-- pan -->
  <testcase classname="SAOD.TC_04" name="email_reset" time="0.000">
    <skipped/>
  </testcase> <!-- email_reset -->
  <testcase classname="SAOD.TC_04" name="insureddetails_btn" time="0.000">
    <skipped/>
  </testcase> <!-- insureddetails_btn -->
  <testcase classname="SAOD.TC_04" name="address" time="0.000">
    <skipped/>
  </testcase> <!-- address -->
  <testcase classname="SAOD.TC_04" name="current_address" time="0.000">
    <skipped/>
  </testcase> <!-- current_address -->
  <testcase classname="SAOD.TC_04" name="address_btn" time="0.001">
    <skipped/>
  </testcase> <!-- address_btn -->
  <testcase classname="SAOD.TC_04" name="nomin_name" time="0.000">
    <skipped/>
  </testcase> <!-- nomin_name -->
  <testcase classname="SAOD.TC_04" name="nominee_marital" time="0.000">
    <skipped/>
  </testcase> <!-- nominee_marital -->
  <testcase classname="SAOD.TC_04" name="nominee_dob" time="0.000">
    <skipped/>
  </testcase> <!-- nominee_dob -->
  <testcase classname="SAOD.TC_04" name="nominee_btn" time="0.000">
    <skipped/>
  </testcase> <!-- nominee_btn -->
  <testcase classname="SAOD.TC_04" name="engine" time="0.000">
    <skipped/>
  </testcase> <!-- engine -->
  <testcase classname="SAOD.TC_04" name="chasis" time="0.000">
    <skipped/>
  </testcase> <!-- chasis -->
  <testcase classname="SAOD.TC_04" name="loan" time="0.000">
    <skipped/>
  </testcase> <!-- loan -->
  <testcase classname="SAOD.TC_04" name="vehicle_button" time="0.000">
    <skipped/>
  </testcase> <!-- vehicle_button -->
  <testcase classname="SAOD.TC_04" name="previous_policy" time="0.000">
    <skipped/>
  </testcase> <!-- previous_policy -->
  <testcase classname="SAOD.TC_04" name="terms" time="0.000">
    <skipped/>
  </testcase> <!-- terms -->
  <testcase classname="SAOD.TC_04" name="existing_cust" time="0.000">
    <skipped/>
  </testcase> <!-- existing_cust -->
  <testcase classname="SAOD.TC_04" name="Make_payment" time="0.000">
    <skipped/>
  </testcase> <!-- Make_payment -->
  <testcase classname="SAOD.TC_04" name="Make_payment_rel" time="0.000">
    <skipped/>
  </testcase> <!-- Make_payment_rel -->
  <testcase classname="SAOD.TC_04" name="net_banking" time="0.000">
    <skipped/>
  </testcase> <!-- net_banking -->
  <testcase classname="SAOD.TC_04" name="select_bank" time="0.000">
    <skipped/>
  </testcase> <!-- select_bank -->
  <testcase classname="SAOD.TC_04" name="Rel_payment" time="0.000">
    <skipped/>
  </testcase> <!-- Rel_payment -->
  <testcase classname="SAOD.TC_04" name="success_payment" time="0.000">
    <skipped/>
  </testcase> <!-- success_payment -->
  <testcase classname="SAOD.TC_04" name="get_policyno" time="0.000">
    <skipped/>
  </testcase> <!-- get_policyno -->
</testsuite> <!-- SAOD.TC_04 -->
