<?xml version="1.0" encoding="UTF-8"?>
<!-- Generated by org.testng.reporters.JUnitReportReporter -->
<testsuite hostname="QA-VishalB" failures="0" tests="51" name="Comprehensive.TC_07" time="38.307" errors="1" timestamp="2024-09-13T15:39:24 IST" skipped="30">
  <testcase classname="Comprehensive.TC_07" name="clickCarModule" time="3.607"/>
  <testcase classname="Comprehensive.TC_07" name="dontknowcar" time="0.494"/>
  <testcase classname="Comprehensive.TC_07" name="comprehensive" time="0.120"/>
  <testcase classname="Comprehensive.TC_07" name="rto_num" time="1.469"/>
  <testcase classname="Comprehensive.TC_07" name="reg_date" time="1.551"/>
  <testcase classname="Comprehensive.TC_07" name="vehicle_num" time="0.677"/>
  <testcase classname="Comprehensive.TC_07" name="make" time="0.802"/>
  <testcase classname="Comprehensive.TC_07" name="model" time="0.847"/>
  <testcase classname="Comprehensive.TC_07" name="variant" time="0.469"/>
  <testcase classname="Comprehensive.TC_07" name="previous_pol" time="0.235"/>
  <testcase classname="Comprehensive.TC_07" name="existing_insurer" time="0.212"/>
  <testcase classname="Comprehensive.TC_07" name="OD_Expirydate" time="0.507"/>
  <testcase classname="Comprehensive.TC_07" name="owner_type" time="0.095"/>
  <testcase classname="Comprehensive.TC_07" name="CPA_No" time="0.084"/>
  <testcase classname="Comprehensive.TC_07" name="ownership_no" time="0.081"/>
  <testcase classname="Comprehensive.TC_07" name="claim_yes" time="0.076"/>
  <testcase classname="Comprehensive.TC_07" name="fullname" time="0.220"/>
  <testcase classname="Comprehensive.TC_07" name="mobnum" time="0.172"/>
  <testcase classname="Comprehensive.TC_07" name="term_con" time="0.149"/>
  <testcase classname="Comprehensive.TC_07" name="get_quote" time="7.821"/>
  <testcase classname="Comprehensive.TC_07" name="premium" time="18.616">
    <error message="stale element reference: stale element not found in the current frame
  (Session info: chrome=128.0.6613.138)
For documentation on this error, please visit: https://www.selenium.dev/documentation/webdriver/troubleshooting/errors#stale-element-reference-exception
Build info: version: &#039;4.21.0&#039;, revision: &#039;79ed462ef4&#039;
System info: os.name: &#039;Windows 10&#039;, os.arch: &#039;amd64&#039;, os.version: &#039;10.0&#039;, java.version: &#039;21.0.4&#039;
Driver info: org.openqa.selenium.chrome.ChromeDriver
Command: [7d175fe7e9ccd584e430afcda561a78b, clickElement {id=f.98BF690F041E36C1672C76E8AFCE1505.d.F71F18D509C8FA5340DB40AEDD833D57.e.643}]
Capabilities {acceptInsecureCerts: false, browserName: chrome, browserVersion: 128.0.6613.138, chrome: {chromedriverVersion: 128.0.6613.137 (fe621c5aa2d..., userDataDir: C:\Users\A757\AppData\Local...}, fedcm:accounts: true, goog:chromeOptions: {debuggerAddress: localhost:49198}, networkConnectionEnabled: false, pageLoadStrategy: normal, platformName: windows, proxy: Proxy(), se:cdp: ws://localhost:49198/devtoo..., se:cdpVersion: 128.0.6613.138, setWindowRect: true, strictFileInteractability: false, timeouts: {implicit: 0, pageLoad: 300000, script: 30000}, unhandledPromptBehavior: dismiss and notify, webauthn:extension:credBlob: true, webauthn:extension:largeBlob: true, webauthn:extension:minPinLength: true, webauthn:extension:prf: true, webauthn:virtualAuthenticators: true}
Element: [[ChromeDriver: chrome on windows (7d175fe7e9ccd584e430afcda561a78b)] -&gt; xpath: //button[@id=&#039;buy_Reliance&#039;]]
Session ID: 7d175fe7e9ccd584e430afcda561a78b" type="org.openqa.selenium.StaleElementReferenceException">
      <![CDATA[org.openqa.selenium.StaleElementReferenceException: stale element reference: stale element not found in the current frame
  (Session info: chrome=128.0.6613.138)
For documentation on this error, please visit: https://www.selenium.dev/documentation/webdriver/troubleshooting/errors#stale-element-reference-exception
Build info: version: '4.21.0', revision: '79ed462ef4'
System info: os.name: 'Windows 10', os.arch: 'amd64', os.version: '10.0', java.version: '21.0.4'
Driver info: org.openqa.selenium.chrome.ChromeDriver
Command: [7d175fe7e9ccd584e430afcda561a78b, clickElement {id=f.98BF690F041E36C1672C76E8AFCE1505.d.F71F18D509C8FA5340DB40AEDD833D57.e.643}]
Capabilities {acceptInsecureCerts: false, browserName: chrome, browserVersion: 128.0.6613.138, chrome: {chromedriverVersion: 128.0.6613.137 (fe621c5aa2d..., userDataDir: C:\Users\A757\AppData\Local...}, fedcm:accounts: true, goog:chromeOptions: {debuggerAddress: localhost:49198}, networkConnectionEnabled: false, pageLoadStrategy: normal, platformName: windows, proxy: Proxy(), se:cdp: ws://localhost:49198/devtoo..., se:cdpVersion: 128.0.6613.138, setWindowRect: true, strictFileInteractability: false, timeouts: {implicit: 0, pageLoad: 300000, script: 30000}, unhandledPromptBehavior: dismiss and notify, webauthn:extension:credBlob: true, webauthn:extension:largeBlob: true, webauthn:extension:minPinLength: true, webauthn:extension:prf: true, webauthn:virtualAuthenticators: true}
Element: [[ChromeDriver: chrome on windows (7d175fe7e9ccd584e430afcda561a78b)] -> xpath: //button[@id='buy_Reliance']]
Session ID: 7d175fe7e9ccd584e430afcda561a78b
at java.base/jdk.internal.reflect.DirectConstructorHandleAccessor.newInstance(DirectConstructorHandleAccessor.java:62)
at java.base/java.lang.reflect.Constructor.newInstanceWithCaller(Constructor.java:502)
at java.base/java.lang.reflect.Constructor.newInstance(Constructor.java:486)
at org.openqa.selenium.remote.ErrorCodec.decode(ErrorCodec.java:167)
at org.openqa.selenium.remote.codec.w3c.W3CHttpResponseCodec.decode(W3CHttpResponseCodec.java:138)
at org.openqa.selenium.remote.codec.w3c.W3CHttpResponseCodec.decode(W3CHttpResponseCodec.java:50)
at org.openqa.selenium.remote.HttpCommandExecutor.execute(HttpCommandExecutor.java:190)
at org.openqa.selenium.remote.service.DriverCommandExecutor.invokeExecute(DriverCommandExecutor.java:216)
at org.openqa.selenium.remote.service.DriverCommandExecutor.execute(DriverCommandExecutor.java:174)
at org.openqa.selenium.remote.RemoteWebDriver.execute(RemoteWebDriver.java:518)
at org.openqa.selenium.remote.RemoteWebElement.execute(RemoteWebElement.java:223)
at org.openqa.selenium.remote.RemoteWebElement.click(RemoteWebElement.java:76)
at Comprehensive.TC_07.premium(TC_07.java:367)
at java.base/jdk.internal.reflect.DirectMethodHandleAccessor.invoke(DirectMethodHandleAccessor.java:103)
at java.base/java.lang.reflect.Method.invoke(Method.java:580)
at org.testng.internal.invokers.MethodInvocationHelper.invokeMethod(MethodInvocationHelper.java:141)
at org.testng.internal.invokers.TestInvoker.invokeMethod(TestInvoker.java:686)
at org.testng.internal.invokers.TestInvoker.invokeTestMethod(TestInvoker.java:230)
at org.testng.internal.invokers.MethodRunner.runInSequence(MethodRunner.java:63)
at org.testng.internal.invokers.TestInvoker$MethodInvocationAgent.invoke(TestInvoker.java:992)
at org.testng.internal.invokers.TestInvoker.invokeTestMethods(TestInvoker.java:203)
at org.testng.internal.invokers.TestMethodWorker.invokeTestMethods(TestMethodWorker.java:154)
at org.testng.internal.invokers.TestMethodWorker.run(TestMethodWorker.java:134)
at java.base/java.util.concurrent.Executors$RunnableAdapter.call(Executors.java:572)
at java.base/java.util.concurrent.FutureTask.run(FutureTask.java:317)
at org.testng.internal.thread.graph.TestNGFutureTask.run(TestNGFutureTask.java:22)
at java.base/java.util.concurrent.ThreadPoolExecutor.runWorker(ThreadPoolExecutor.java:1144)
at java.base/java.util.concurrent.ThreadPoolExecutor$Worker.run(ThreadPoolExecutor.java:642)
at java.base/java.lang.Thread.run(Thread.java:1583)
]]>
    </error>
  </testcase> <!-- premium -->
  <testcase classname="Comprehensive.TC_07" name="kyc_button" time="0.000">
    <skipped/>
  </testcase> <!-- kyc_button -->
  <testcase classname="Comprehensive.TC_07" name="ckyc_number" time="0.001">
    <skipped/>
  </testcase> <!-- ckyc_number -->
  <testcase classname="Comprehensive.TC_07" name="dob_calender" time="0.001">
    <skipped/>
  </testcase> <!-- dob_calender -->
  <testcase classname="Comprehensive.TC_07" name="email" time="0.000">
    <skipped/>
  </testcase> <!-- email -->
  <testcase classname="Comprehensive.TC_07" name="Verify_kyc" time="0.000">
    <skipped/>
  </testcase> <!-- Verify_kyc -->
  <testcase classname="Comprehensive.TC_07" name="Marital" time="0.000">
    <skipped/>
  </testcase> <!-- Marital -->
  <testcase classname="Comprehensive.TC_07" name="pan" time="0.000">
    <skipped/>
  </testcase> <!-- pan -->
  <testcase classname="Comprehensive.TC_07" name="email_reset" time="0.000">
    <skipped/>
  </testcase> <!-- email_reset -->
  <testcase classname="Comprehensive.TC_07" name="insureddetails_btn" time="0.000">
    <skipped/>
  </testcase> <!-- insureddetails_btn -->
  <testcase classname="Comprehensive.TC_07" name="address" time="0.000">
    <skipped/>
  </testcase> <!-- address -->
  <testcase classname="Comprehensive.TC_07" name="current_address" time="0.000">
    <skipped/>
  </testcase> <!-- current_address -->
  <testcase classname="Comprehensive.TC_07" name="address_btn" time="0.000">
    <skipped/>
  </testcase> <!-- address_btn -->
  <testcase classname="Comprehensive.TC_07" name="nomin_name" time="0.000">
    <skipped/>
  </testcase> <!-- nomin_name -->
  <testcase classname="Comprehensive.TC_07" name="nominee_marital" time="0.000">
    <skipped/>
  </testcase> <!-- nominee_marital -->
  <testcase classname="Comprehensive.TC_07" name="nominee_dob" time="0.000">
    <skipped/>
  </testcase> <!-- nominee_dob -->
  <testcase classname="Comprehensive.TC_07" name="nominee_btn" time="0.000">
    <skipped/>
  </testcase> <!-- nominee_btn -->
  <testcase classname="Comprehensive.TC_07" name="engine" time="0.000">
    <skipped/>
  </testcase> <!-- engine -->
  <testcase classname="Comprehensive.TC_07" name="chasis" time="0.001">
    <skipped/>
  </testcase> <!-- chasis -->
  <testcase classname="Comprehensive.TC_07" name="loan" time="0.000">
    <skipped/>
  </testcase> <!-- loan -->
  <testcase classname="Comprehensive.TC_07" name="vehicle_button" time="0.000">
    <skipped/>
  </testcase> <!-- vehicle_button -->
  <testcase classname="Comprehensive.TC_07" name="previous_policy" time="0.000">
    <skipped/>
  </testcase> <!-- previous_policy -->
  <testcase classname="Comprehensive.TC_07" name="terms" time="0.000">
    <skipped/>
  </testcase> <!-- terms -->
  <testcase classname="Comprehensive.TC_07" name="existing_cust" time="0.000">
    <skipped/>
  </testcase> <!-- existing_cust -->
  <testcase classname="Comprehensive.TC_07" name="Make_payment" time="0.000">
    <skipped/>
  </testcase> <!-- Make_payment -->
  <testcase classname="Comprehensive.TC_07" name="Make_payment_rel" time="0.000">
    <skipped/>
  </testcase> <!-- Make_payment_rel -->
  <testcase classname="Comprehensive.TC_07" name="net_banking" time="0.000">
    <skipped/>
  </testcase> <!-- net_banking -->
  <testcase classname="Comprehensive.TC_07" name="select_bank" time="0.000">
    <skipped/>
  </testcase> <!-- select_bank -->
  <testcase classname="Comprehensive.TC_07" name="Rel_payment" time="0.000">
    <skipped/>
  </testcase> <!-- Rel_payment -->
  <testcase classname="Comprehensive.TC_07" name="success_payment" time="0.000">
    <skipped/>
  </testcase> <!-- success_payment -->
  <testcase classname="Comprehensive.TC_07" name="get_policyno" time="0.000">
    <skipped/>
  </testcase> <!-- get_policyno -->
</testsuite> <!-- Comprehensive.TC_07 -->
