<?xml version="1.0" encoding="UTF-8"?>
<!-- Generated by org.testng.reporters.JUnitXMLReporter -->
<testsuite ignored="0" hostname="QA-VishalB" failures="1" tests="39" name="Test" time="351.445" errors="0" timestamp="2024-08-29T15:50:08 IST">
  <testcase classname="New_car.TC_01" name="clickCarModule" time="6.558"/>
  <testcase classname="New_car.TC_01" name="newCar" time="3.326"/>
  <testcase classname="New_car.TC_01" name="rto_num" time="0.501"/>
  <testcase classname="New_car.TC_01" name="make" time="0.58"/>
  <testcase classname="New_car.TC_01" name="model" time="0.313"/>
  <testcase classname="New_car.TC_01" name="variant" time="0.151"/>
  <testcase classname="New_car.TC_01" name="fullname" time="0.14"/>
  <testcase classname="New_car.TC_01" name="mobnum" time="0.131"/>
  <testcase classname="New_car.TC_01" name="term_con" time="0.082"/>
  <testcase classname="New_car.TC_01" name="quote_btn" time="0.311"/>
  <testcase classname="New_car.TC_01" name="premium" time="24.069"/>
  <testcase classname="New_car.TC_01" name="kyc_button" time="3.415"/>
  <testcase classname="New_car.TC_01" name="ckyc_number" time="0.163"/>
  <testcase classname="New_car.TC_01" name="dob_calender" time="0.473"/>
  <testcase classname="New_car.TC_01" name="email" time="0.174"/>
  <testcase classname="New_car.TC_01" name="Verify_kyc" time="0.09"/>
  <testcase classname="New_car.TC_01" name="Marital" time="1.757"/>
  <testcase classname="New_car.TC_01" name="pan" time="0.388"/>
  <testcase classname="New_car.TC_01" name="insureddetails_btn" time="0.09"/>
  <testcase classname="New_car.TC_01" name="address" time="0.707"/>
  <testcase classname="New_car.TC_01" name="current_address" time="0.075"/>
  <testcase classname="New_car.TC_01" name="address_btn" time="0.089"/>
  <testcase classname="New_car.TC_01" name="nomin_name" time="200.278"/>
  <testcase classname="New_car.TC_01" name="nominee_marital" time="100.425">
    <failure type="org.openqa.selenium.NoSuchWindowException" message="no such window: target window already closed
from unknown error: web view not found
  (Session info: chrome=128.0.6613.86)
Build info: version: &amp;apos;4.19.1&amp;apos;, revision: &amp;apos;abe0ee07dc&amp;apos;
System info: os.name: &amp;apos;Windows 10&amp;apos;, os.arch: &amp;apos;amd64&amp;apos;, os.version: &amp;apos;10.0&amp;apos;, java.version: &amp;apos;21.0.3&amp;apos;
Driver info: org.openqa.selenium.chrome.ChromeDriver
Command: [a80a529280fb067b3542579f439b3f4a, findElement {value=//select[@id=&amp;apos;Nominee_Relationship&amp;apos;], using=xpath}]
Capabilities {acceptInsecureCerts: false, browserName: chrome, browserVersion: 128.0.6613.86, chrome: {chromedriverVersion: 128.0.6613.86 (3045ed680fda..., userDataDir: C:\Users\A757\AppData\Local...}, fedcm:accounts: true, goog:chromeOptions: {debuggerAddress: localhost:63702}, networkConnectionEnabled: false, pageLoadStrategy: normal, platformName: windows, proxy: Proxy(), se:cdp: ws://localhost:63702/devtoo..., se:cdpVersion: 128.0.6613.86, setWindowRect: true, strictFileInteractability: false, timeouts: {implicit: 0, pageLoad: 300000, script: 30000}, unhandledPromptBehavior: dismiss and notify, webauthn:extension:credBlob: true, webauthn:extension:largeBlob: true, webauthn:extension:minPinLength: true, webauthn:extension:prf: true, webauthn:virtualAuthenticators: true}
Session ID: a80a529280fb067b3542579f439b3f4a">
      <![CDATA[org.openqa.selenium.NoSuchWindowException: no such window: target window already closed
from unknown error: web view not found
  (Session info: chrome=128.0.6613.86)
Build info: version: '4.19.1', revision: 'abe0ee07dc'
System info: os.name: 'Windows 10', os.arch: 'amd64', os.version: '10.0', java.version: '21.0.3'
Driver info: org.openqa.selenium.chrome.ChromeDriver
Command: [a80a529280fb067b3542579f439b3f4a, findElement {value=//select[@id='Nominee_Relationship'], using=xpath}]
Capabilities {acceptInsecureCerts: false, browserName: chrome, browserVersion: 128.0.6613.86, chrome: {chromedriverVersion: 128.0.6613.86 (3045ed680fda..., userDataDir: C:\Users\A757\AppData\Local...}, fedcm:accounts: true, goog:chromeOptions: {debuggerAddress: localhost:63702}, networkConnectionEnabled: false, pageLoadStrategy: normal, platformName: windows, proxy: Proxy(), se:cdp: ws://localhost:63702/devtoo..., se:cdpVersion: 128.0.6613.86, setWindowRect: true, strictFileInteractability: false, timeouts: {implicit: 0, pageLoad: 300000, script: 30000}, unhandledPromptBehavior: dismiss and notify, webauthn:extension:credBlob: true, webauthn:extension:largeBlob: true, webauthn:extension:minPinLength: true, webauthn:extension:prf: true, webauthn:virtualAuthenticators: true}
Session ID: a80a529280fb067b3542579f439b3f4a
at org.openqa.selenium.remote.ErrorCodec.decode(ErrorCodec.java:167)
at org.openqa.selenium.remote.codec.w3c.W3CHttpResponseCodec.decode(W3CHttpResponseCodec.java:138)
at org.openqa.selenium.remote.codec.w3c.W3CHttpResponseCodec.decode(W3CHttpResponseCodec.java:50)
at org.openqa.selenium.remote.HttpCommandExecutor.execute(HttpCommandExecutor.java:190)
at org.openqa.selenium.remote.service.DriverCommandExecutor.invokeExecute(DriverCommandExecutor.java:216)
at org.openqa.selenium.remote.service.DriverCommandExecutor.execute(DriverCommandExecutor.java:174)
at org.openqa.selenium.remote.RemoteWebDriver.execute(RemoteWebDriver.java:518)
at org.openqa.selenium.remote.ElementLocation$ElementFinder$2.findElement(ElementLocation.java:165)
at org.openqa.selenium.remote.ElementLocation.findElement(ElementLocation.java:59)
at org.openqa.selenium.remote.RemoteWebDriver.findElement(RemoteWebDriver.java:355)
at org.openqa.selenium.remote.RemoteWebDriver.findElement(RemoteWebDriver.java:349)
at New_car.TC_01.nominee_marital(TC_01.java:371)
at java.base/java.util.ArrayList.forEach(ArrayList.java:1596)
... Removed 28 stack frames]]>
    </failure>
  </testcase> <!-- nominee_marital -->
  <testcase classname="New_car.TC_01" name="nominee_dob" time="0.0">
    <skipped/>
  </testcase> <!-- nominee_dob -->
  <testcase classname="New_car.TC_01" name="nominee_btn" time="0.0">
    <skipped/>
  </testcase> <!-- nominee_btn -->
  <testcase classname="New_car.TC_01" name="engine" time="0.0">
    <skipped/>
  </testcase> <!-- engine -->
  <testcase classname="New_car.TC_01" name="chasis" time="0.0">
    <skipped/>
  </testcase> <!-- chasis -->
  <testcase classname="New_car.TC_01" name="loan" time="0.0">
    <skipped/>
  </testcase> <!-- loan -->
  <testcase classname="New_car.TC_01" name="vehicle_button" time="0.001">
    <skipped/>
  </testcase> <!-- vehicle_button -->
  <testcase classname="New_car.TC_01" name="terms" time="0.0">
    <skipped/>
  </testcase> <!-- terms -->
  <testcase classname="New_car.TC_01" name="existing_cust" time="0.0">
    <skipped/>
  </testcase> <!-- existing_cust -->
  <testcase classname="New_car.TC_01" name="Make_payment" time="0.0">
    <skipped/>
  </testcase> <!-- Make_payment -->
  <testcase classname="New_car.TC_01" name="Make_payment_rel" time="0.0">
    <skipped/>
  </testcase> <!-- Make_payment_rel -->
  <testcase classname="New_car.TC_01" name="net_banking" time="0.0">
    <skipped/>
  </testcase> <!-- net_banking -->
  <testcase classname="New_car.TC_01" name="select_bank" time="0.0">
    <skipped/>
  </testcase> <!-- select_bank -->
  <testcase classname="New_car.TC_01" name="Rel_payment" time="0.0">
    <skipped/>
  </testcase> <!-- Rel_payment -->
  <testcase classname="New_car.TC_01" name="success_payment" time="0.0">
    <skipped/>
  </testcase> <!-- success_payment -->
  <testcase classname="New_car.TC_01" name="get_policyno" time="0.0">
    <skipped/>
  </testcase> <!-- get_policyno -->
</testsuite> <!-- Test -->
