<?xml version="1.0" encoding="UTF-8"?>
<!-- Generated by org.testng.reporters.JUnitXMLReporter -->
<testsuite ignored="0" hostname="QA-VishalB" failures="3" tests="279" name="Test" time="332.355" errors="0" timestamp="2024-09-16T17:02:00 IST">
  <testcase classname="ThirdParty.TC_10" name="clickCarModule" time="3.207"/>
  <testcase classname="ThirdParty.TC_14" name="clickCarModule" time="5.158"/>
  <testcase classname="ThirdParty.TC_12" name="clickCarModule" time="1.564"/>
  <testcase classname="ThirdParty.TC_11" name="clickCarModule" time="6.037"/>
  <testcase classname="ThirdParty.TC_10" name="dontknowcar" time="3.078"/>
  <testcase classname="ThirdParty.TC_13" name="clickCarModule" time="6.621"/>
  <testcase classname="ThirdParty.TC_10" name="Third_party" time="0.207"/>
  <testcase classname="ThirdParty.TC_14" name="dontknowcar" time="1.75"/>
  <testcase classname="ThirdParty.TC_12" name="dontknowcar" time="0.988"/>
  <testcase classname="ThirdParty.TC_12" name="Third_party" time="0.228"/>
  <testcase classname="ThirdParty.TC_12" name="exisitngTP_popup" time="0.002"/>
  <testcase classname="ThirdParty.TC_14" name="TP" time="0.244"/>
  <testcase classname="ThirdParty.TC_14" name="exisitngTP_popup" time="0.001"/>
  <testcase classname="ThirdParty.TC_10" name="rto_num" time="0.847"/>
  <testcase classname="ThirdParty.TC_14" name="rto_num" time="0.948"/>
  <testcase classname="ThirdParty.TC_12" name="rto_num" time="1.127"/>
  <testcase classname="ThirdParty.TC_13" name="dontknowcar" time="1.79"/>
  <testcase classname="ThirdParty.TC_11" name="dontknowcar" time="2.932"/>
  <testcase classname="ThirdParty.TC_13" name="Third_party" time="0.46"/>
  <testcase classname="ThirdParty.TC_13" name="exisitngTP_popup" time="0.004"/>
  <testcase classname="ThirdParty.TC_11" name="Third_party" time="0.179"/>
  <testcase classname="ThirdParty.TC_11" name="exisitngTP_popup" time="0.001"/>
  <testcase classname="ThirdParty.TC_10" name="reg_date" time="1.786"/>
  <testcase classname="ThirdParty.TC_10" name="vehicle_num" time="0.215"/>
  <testcase classname="ThirdParty.TC_11" name="rto_num" time="0.794"/>
  <testcase classname="ThirdParty.TC_10" name="make" time="0.46"/>
  <testcase classname="ThirdParty.TC_14" name="reg_date" time="2.116"/>
  <testcase classname="ThirdParty.TC_13" name="rto_num" time="1.369"/>
  <testcase classname="ThirdParty.TC_11" name="reg_date" time="0.753"/>
  <testcase classname="ThirdParty.TC_11" name="vehicle_num" time="0.218"/>
  <testcase classname="ThirdParty.TC_12" name="reg_date" time="2.586"/>
  <testcase classname="ThirdParty.TC_12" name="vehicle_num" time="0.225"/>
  <testcase classname="ThirdParty.TC_10" name="model" time="1.041"/>
  <testcase classname="ThirdParty.TC_14" name="vehicle_num" time="1.059"/>
  <testcase classname="ThirdParty.TC_11" name="make" time="0.682"/>
  <testcase classname="ThirdParty.TC_10" name="variant" time="0.415"/>
  <testcase classname="ThirdParty.TC_13" name="reg_date" time="1.358"/>
  <testcase classname="ThirdParty.TC_13" name="vehicle_num" time="0.248"/>
  <testcase classname="ThirdParty.TC_12" name="make" time="0.816"/>
  <testcase classname="ThirdParty.TC_14" name="make" time="0.637"/>
  <testcase classname="ThirdParty.TC_10" name="previous_pol" time="0.365"/>
  <testcase classname="ThirdParty.TC_11" name="model" time="0.534"/>
  <testcase classname="ThirdParty.TC_10" name="existing_insurer" time="0.205"/>
  <testcase classname="ThirdParty.TC_13" name="make" time="0.54"/>
  <testcase classname="ThirdParty.TC_11" name="variant" time="0.393"/>
  <testcase classname="ThirdParty.TC_11" name="previous_pol" time="0.172"/>
  <testcase classname="ThirdParty.TC_12" name="model" time="0.724"/>
  <testcase classname="ThirdParty.TC_14" name="model" time="0.721"/>
  <testcase classname="ThirdParty.TC_11" name="existing_insurer" time="0.277"/>
  <testcase classname="ThirdParty.TC_14" name="variant" time="0.398"/>
  <testcase classname="ThirdParty.TC_13" name="model" time="0.639"/>
  <testcase classname="ThirdParty.TC_12" name="variant" time="0.65"/>
  <testcase classname="ThirdParty.TC_10" name="pol_Expirydate" time="1.289"/>
  <testcase classname="ThirdParty.TC_13" name="variant" time="0.444"/>
  <testcase classname="ThirdParty.TC_11" name="pol_Expirydate" time="0.649"/>
  <testcase classname="ThirdParty.TC_10" name="owner_type" time="0.165"/>
  <testcase classname="ThirdParty.TC_11" name="owner_type" time="0.135"/>
  <testcase classname="ThirdParty.TC_14" name="previous_pol" time="0.661"/>
  <testcase classname="ThirdParty.TC_10" name="CPA_Yes" time="0.169"/>
  <testcase classname="ThirdParty.TC_10" name="ownership_no" time="0.001"/>
  <testcase classname="ThirdParty.TC_10" name="claim_yes" time="0.001"/>
  <testcase classname="ThirdParty.TC_13" name="previous_pol" time="0.328"/>
  <testcase classname="ThirdParty.TC_11" name="ownership_no" time="0.243"/>
  <testcase classname="ThirdParty.TC_11" name="claim_No" time="0.001"/>
  <testcase classname="ThirdParty.TC_11" name="ncb_drpdwn" time="0.001"/>
  <testcase classname="ThirdParty.TC_12" name="previous_pol" time="0.671"/>
  <testcase classname="ThirdParty.TC_10" name="fullname" time="0.299"/>
  <testcase classname="ThirdParty.TC_12" name="existing_insurer" time="0.21"/>
  <testcase classname="ThirdParty.TC_11" name="fullname" time="0.288"/>
  <testcase classname="ThirdParty.TC_13" name="previouscopy_Yes" time="0.453"/>
  <testcase classname="ThirdParty.TC_11" name="mobnum" time="0.156"/>
  <testcase classname="ThirdParty.TC_10" name="mobnum" time="0.465"/>
  <testcase classname="ThirdParty.TC_11" name="term_con" time="0.198"/>
  <testcase classname="ThirdParty.TC_14" name="existing_insurer" time="0.909"/>
  <testcase classname="ThirdParty.TC_10" name="term_con" time="0.303"/>
  <testcase classname="ThirdParty.TC_11" name="get_quote" time="0.465"/>
  <testcase classname="ThirdParty.TC_14" name="pol_Expirydate" time="0.503"/>
  <testcase classname="ThirdParty.TC_10" name="get_quote" time="0.397"/>
  <testcase classname="ThirdParty.TC_13" name="pol_Expirydate" time="1.362"/>
  <testcase classname="ThirdParty.TC_12" name="pol_Expirydate" time="1.484"/>
  <testcase classname="ThirdParty.TC_12" name="owner_type" time="0.098"/>
  <testcase classname="ThirdParty.TC_13" name="owner_type" time="0.122"/>
  <testcase classname="ThirdParty.TC_12" name="ownership_no" time="0.123"/>
  <testcase classname="ThirdParty.TC_12" name="claim_No" time="0.001"/>
  <testcase classname="ThirdParty.TC_14" name="owner_type" time="0.788"/>
  <testcase classname="ThirdParty.TC_12" name="ncb_drpdwn" time="0.001"/>
  <testcase classname="ThirdParty.TC_14" name="ownership_no" time="0.0"/>
  <testcase classname="ThirdParty.TC_14" name="claim_No" time="0.001"/>
  <testcase classname="ThirdParty.TC_14" name="ncb_drpdwn" time="0.005"/>
  <testcase classname="ThirdParty.TC_13" name="CPA_No" time="0.163"/>
  <testcase classname="ThirdParty.TC_13" name="claim_No" time="0.003"/>
  <testcase classname="ThirdParty.TC_13" name="ncb_drpdwn" time="0.001"/>
  <testcase classname="ThirdParty.TC_13" name="fullname" time="0.261"/>
  <testcase classname="ThirdParty.TC_14" name="fullname" time="0.321"/>
  <testcase classname="ThirdParty.TC_12" name="fullname" time="0.35"/>
  <testcase classname="ThirdParty.TC_13" name="mobnum" time="0.131"/>
  <testcase classname="ThirdParty.TC_12" name="mobnum" time="0.306"/>
  <testcase classname="ThirdParty.TC_13" name="term_con" time="0.233"/>
  <testcase classname="ThirdParty.TC_12" name="term_con" time="0.095"/>
  <testcase classname="ThirdParty.TC_14" name="mobnum" time="0.519"/>
  <testcase classname="ThirdParty.TC_13" name="get_quote" time="0.206"/>
  <testcase classname="ThirdParty.TC_14" name="term_con" time="0.279"/>
  <testcase classname="ThirdParty.TC_12" name="get_quote" time="0.511"/>
  <testcase classname="ThirdParty.TC_14" name="get_quote" time="0.327"/>
  <testcase classname="ThirdParty.TC_14" name="addons_drpdown" time="0.0"/>
  <testcase classname="ThirdParty.TC_11" name="pa_cover" time="30.483"/>
  <testcase classname="ThirdParty.TC_11" name="cng" time="12.966"/>
  <testcase classname="ThirdParty.TC_13" name="pa_cover" time="42.074"/>
  <testcase classname="ThirdParty.TC_11" name="premium" time="2.702"/>
  <testcase classname="ThirdParty.TC_14" name="premium" time="43.846"/>
  <testcase classname="ThirdParty.TC_14" name="addons_select" time="0.001"/>
  <testcase classname="ThirdParty.TC_12" name="pa_cover" time="44.146"/>
  <testcase classname="ThirdParty.TC_13" name="cng" time="2.594"/>
  <testcase classname="ThirdParty.TC_11" name="kyc_button" time="1.055"/>
  <testcase classname="ThirdParty.TC_14" name="ckyc_yes" time="1.118"/>
  <testcase classname="ThirdParty.TC_14" name="claimfor_zerodep" time="0.001"/>
  <testcase classname="ThirdParty.TC_11" name="ckyc_number" time="0.25"/>
  <testcase classname="ThirdParty.TC_14" name="ckyc_number" time="0.302"/>
  <testcase classname="ThirdParty.TC_14" name="zrodep_btn" time="0.001"/>
  <testcase classname="ThirdParty.TC_11" name="dob_calender" time="0.719"/>
  <testcase classname="ThirdParty.TC_14" name="dob_calender" time="0.657"/>
  <testcase classname="ThirdParty.TC_14" name="all_addons" time="0.001"/>
  <testcase classname="ThirdParty.TC_11" name="email" time="0.211"/>
  <testcase classname="ThirdParty.TC_14" name="email" time="0.256"/>
  <testcase classname="ThirdParty.TC_14" name="Accessrios_cover" time="0.001"/>
  <testcase classname="ThirdParty.TC_11" name="Verify_kyc" time="0.17"/>
  <testcase classname="ThirdParty.TC_14" name="Verify_kyc" time="0.126"/>
  <testcase classname="ThirdParty.TC_14" name="elec_acc" time="0.001"/>
  <testcase classname="ThirdParty.TC_12" name="cng" time="4.173"/>
  <testcase classname="ThirdParty.TC_14" name="insured_details" time="2.549"/>
  <testcase classname="ThirdParty.TC_14" name="non_elec" time="0.005"/>
  <testcase classname="ThirdParty.TC_14" name="pan" time="0.171"/>
  <testcase classname="ThirdParty.TC_11" name="Marital" time="2.937"/>
  <testcase classname="ThirdParty.TC_11" name="pan" time="0.605"/>
  <testcase classname="ThirdParty.TC_11" name="email_reset" time="0.49"/>
  <testcase classname="ThirdParty.TC_11" name="insureddetails_btn" time="0.122"/>
  <testcase classname="ThirdParty.TC_11" name="address" time="2.184"/>
  <testcase classname="ThirdParty.TC_11" name="current_address" time="0.095"/>
  <testcase classname="ThirdParty.TC_11" name="address_btn" time="0.111"/>
  <testcase classname="ThirdParty.TC_13" name="premium" time="10.482"/>
  <testcase classname="ThirdParty.TC_12" name="premium" time="7.736"/>
  <testcase classname="ThirdParty.TC_10" name="premium" time="58.569"/>
  <testcase classname="ThirdParty.TC_13" name="kyc_button" time="2.277"/>
  <testcase classname="ThirdParty.TC_13" name="ckyc_number" time="0.186"/>
  <testcase classname="ThirdParty.TC_12" name="kyc_button" time="1.362"/>
  <testcase classname="ThirdParty.TC_12" name="ckyc_number" time="0.233"/>
  <testcase classname="ThirdParty.TC_11" name="nomin_name" time="4.75"/>
  <testcase classname="ThirdParty.TC_13" name="dob_calender" time="0.674"/>
  <testcase classname="ThirdParty.TC_13" name="email" time="0.247"/>
  <testcase classname="ThirdParty.TC_13" name="Verify_kyc" time="0.142"/>
  <testcase classname="ThirdParty.TC_12" name="dob_calender" time="0.712"/>
  <testcase classname="ThirdParty.TC_12" name="email" time="0.198"/>
  <testcase classname="ThirdParty.TC_12" name="Verify_kyc" time="0.099"/>
  <testcase classname="ThirdParty.TC_10" name="kyc_button" time="2.323"/>
  <testcase classname="ThirdParty.TC_10" name="ckyc_number" time="0.152"/>
  <testcase classname="ThirdParty.TC_13" name="Marital" time="1.195"/>
  <testcase classname="ThirdParty.TC_10" name="dob_calender" time="0.392"/>
  <testcase classname="ThirdParty.TC_10" name="email" time="0.153"/>
  <testcase classname="ThirdParty.TC_10" name="Verify_kyc" time="0.095"/>
  <testcase classname="ThirdParty.TC_11" name="nominee_marital" time="2.084">
    <failure type="org.openqa.selenium.NoSuchElementException" message="Cannot locate option with text: Sibling
For documentation on this error, please visit: https://www.selenium.dev/documentation/webdriver/troubleshooting/errors#no-such-element-exception
Build info: version: &amp;apos;4.21.0&amp;apos;, revision: &amp;apos;79ed462ef4&amp;apos;
System info: os.name: &amp;apos;Windows 10&amp;apos;, os.arch: &amp;apos;amd64&amp;apos;, os.version: &amp;apos;10.0&amp;apos;, java.version: &amp;apos;21.0.4&amp;apos;
Driver info: driver.version: unknown">
      <![CDATA[org.openqa.selenium.NoSuchElementException: Cannot locate option with text: Sibling
For documentation on this error, please visit: https://www.selenium.dev/documentation/webdriver/troubleshooting/errors#no-such-element-exception
Build info: version: '4.21.0', revision: '79ed462ef4'
System info: os.name: 'Windows 10', os.arch: 'amd64', os.version: '10.0', java.version: '21.0.4'
Driver info: driver.version: unknown
at org.openqa.selenium.support.ui.Select.selectByVisibleText(Select.java:153)
at ThirdParty.TC_11.nominee_marital(TC_11.java:641)
at java.base/java.util.concurrent.Executors$RunnableAdapter.call(Executors.java:572)
at java.base/java.util.concurrent.FutureTask.run(FutureTask.java:317)
at java.base/java.util.concurrent.ThreadPoolExecutor.runWorker(ThreadPoolExecutor.java:1144)
at java.base/java.util.concurrent.ThreadPoolExecutor$Worker.run(ThreadPoolExecutor.java:642)
at java.base/java.lang.Thread.run(Thread.java:1583)
... Removed 11 stack frames]]>
    </failure>
  </testcase> <!-- nominee_marital -->
  <testcase classname="ThirdParty.TC_11" name="nominee_dob" time="0.0">
    <skipped/>
  </testcase> <!-- nominee_dob -->
  <testcase classname="ThirdParty.TC_11" name="nominee_btn" time="0.0">
    <skipped/>
  </testcase> <!-- nominee_btn -->
  <testcase classname="ThirdParty.TC_11" name="engine" time="0.0">
    <skipped/>
  </testcase> <!-- engine -->
  <testcase classname="ThirdParty.TC_11" name="chasis" time="0.0">
    <skipped/>
  </testcase> <!-- chasis -->
  <testcase classname="ThirdParty.TC_11" name="loan_yes" time="0.0">
    <skipped/>
  </testcase> <!-- loan_yes -->
  <testcase classname="ThirdParty.TC_11" name="bnk_name" time="0.0">
    <skipped/>
  </testcase> <!-- bnk_name -->
  <testcase classname="ThirdParty.TC_11" name="bnk_city" time="0.0">
    <skipped/>
  </testcase> <!-- bnk_city -->
  <testcase classname="ThirdParty.TC_11" name="vehicle_button" time="0.0">
    <skipped/>
  </testcase> <!-- vehicle_button -->
  <testcase classname="ThirdParty.TC_11" name="previous_policy" time="0.0">
    <skipped/>
  </testcase> <!-- previous_policy -->
  <testcase classname="ThirdParty.TC_11" name="terms" time="0.0">
    <skipped/>
  </testcase> <!-- terms -->
  <testcase classname="ThirdParty.TC_11" name="existing_cust" time="0.0">
    <skipped/>
  </testcase> <!-- existing_cust -->
  <testcase classname="ThirdParty.TC_11" name="Make_payment" time="0.0">
    <skipped/>
  </testcase> <!-- Make_payment -->
  <testcase classname="ThirdParty.TC_11" name="Make_payment_rel" time="0.0">
    <skipped/>
  </testcase> <!-- Make_payment_rel -->
  <testcase classname="ThirdParty.TC_11" name="net_banking" time="0.0">
    <skipped/>
  </testcase> <!-- net_banking -->
  <testcase classname="ThirdParty.TC_11" name="select_bank" time="0.0">
    <skipped/>
  </testcase> <!-- select_bank -->
  <testcase classname="ThirdParty.TC_11" name="Rel_payment" time="0.0">
    <skipped/>
  </testcase> <!-- Rel_payment -->
  <testcase classname="ThirdParty.TC_13" name="pan" time="0.423"/>
  <testcase classname="ThirdParty.TC_11" name="success_payment" time="0.0">
    <skipped/>
  </testcase> <!-- success_payment -->
  <testcase classname="ThirdParty.TC_11" name="get_policyno" time="0.0">
    <skipped/>
  </testcase> <!-- get_policyno -->
  <testcase classname="ThirdParty.TC_12" name="Marital" time="1.725"/>
  <testcase classname="ThirdParty.TC_13" name="email_reset" time="0.51"/>
  <testcase classname="ThirdParty.TC_13" name="insureddetails_btn" time="0.103"/>
  <testcase classname="ThirdParty.TC_12" name="pan" time="0.417"/>
  <testcase classname="ThirdParty.TC_12" name="email_reset" time="0.409"/>
  <testcase classname="ThirdParty.TC_12" name="insureddetails_btn" time="0.084"/>
  <testcase classname="ThirdParty.TC_10" name="Marital" time="1.786"/>
  <testcase classname="ThirdParty.TC_10" name="pan" time="0.376"/>
  <testcase classname="ThirdParty.TC_10" name="email_reset" time="0.409"/>
  <testcase classname="ThirdParty.TC_10" name="insureddetails_btn" time="0.087"/>
  <testcase classname="ThirdParty.TC_13" name="address" time="2.175"/>
  <testcase classname="ThirdParty.TC_13" name="current_address" time="0.1"/>
  <testcase classname="ThirdParty.TC_13" name="address_btn" time="0.086"/>
  <testcase classname="ThirdParty.TC_12" name="address" time="2.182"/>
  <testcase classname="ThirdParty.TC_12" name="current_address" time="0.069"/>
  <testcase classname="ThirdParty.TC_12" name="address_btn" time="0.089"/>
  <testcase classname="ThirdParty.TC_10" name="address" time="2.166"/>
  <testcase classname="ThirdParty.TC_10" name="current_address" time="0.098"/>
  <testcase classname="ThirdParty.TC_10" name="address_btn" time="0.091"/>
  <testcase classname="ThirdParty.TC_12" name="nomin_name" time="4.671"/>
  <testcase classname="ThirdParty.TC_10" name="nomin_name" time="4.651"/>
  <testcase classname="ThirdParty.TC_12" name="nominee_marital" time="2.151"/>
  <testcase classname="ThirdParty.TC_12" name="nominee_dob" time="0.318"/>
  <testcase classname="ThirdParty.TC_12" name="nominee_btn" time="0.079"/>
  <testcase classname="ThirdParty.TC_10" name="nominee_marital" time="2.117"/>
  <testcase classname="ThirdParty.TC_10" name="nominee_dob" time="0.308"/>
  <testcase classname="ThirdParty.TC_10" name="nominee_btn" time="0.092"/>
  <testcase classname="ThirdParty.TC_12" name="engine" time="1.205"/>
  <testcase classname="ThirdParty.TC_12" name="chasis" time="0.118"/>
  <testcase classname="ThirdParty.TC_12" name="loan_yes" time="0.084"/>
  <testcase classname="ThirdParty.TC_12" name="bnk_name" time="0.124"/>
  <testcase classname="ThirdParty.TC_12" name="bnk_city" time="0.127"/>
  <testcase classname="ThirdParty.TC_12" name="vehicle_button" time="0.094"/>
  <testcase classname="ThirdParty.TC_10" name="engine" time="1.236"/>
  <testcase classname="ThirdParty.TC_10" name="chasis" time="0.198"/>
  <testcase classname="ThirdParty.TC_10" name="loan" time="0.121"/>
  <testcase classname="ThirdParty.TC_12" name="previous_policy" time="1.014"/>
  <testcase classname="ThirdParty.TC_10" name="vehicle_button" time="0.14"/>
  <testcase classname="ThirdParty.TC_12" name="terms" time="0.653"/>
  <testcase classname="ThirdParty.TC_12" name="existing_cust" time="0.094"/>
  <testcase classname="ThirdParty.TC_12" name="Make_payment" time="0.078"/>
  <testcase classname="ThirdParty.TC_10" name="previous_policy" time="0.88"/>
  <testcase classname="ThirdParty.TC_10" name="terms" time="0.627"/>
  <testcase classname="ThirdParty.TC_10" name="existing_cust" time="0.072"/>
  <testcase classname="ThirdParty.TC_10" name="Make_payment" time="0.069"/>
  <testcase classname="ThirdParty.TC_10" name="Make_payment_rel" time="30.902"/>
  <testcase classname="ThirdParty.TC_10" name="net_banking" time="0.124"/>
  <testcase classname="ThirdParty.TC_10" name="select_bank" time="0.193"/>
  <testcase classname="ThirdParty.TC_12" name="Make_payment_rel" time="32.136"/>
  <testcase classname="ThirdParty.TC_12" name="net_banking" time="0.106"/>
  <testcase classname="ThirdParty.TC_12" name="select_bank" time="0.199"/>
  <testcase classname="ThirdParty.TC_12" name="Rel_payment" time="0.414"/>
  <testcase classname="ThirdParty.TC_10" name="Rel_payment" time="6.935"/>
  <testcase classname="ThirdParty.TC_12" name="success_payment" time="6.302"/>
  <testcase classname="ThirdParty.TC_10" name="success_payment" time="14.402"/>
  <testcase classname="ThirdParty.TC_10" name="get_policyno" time="0.215"/>
  <testcase classname="ThirdParty.TC_12" name="get_policyno" time="14.692"/>
  <testcase classname="ThirdParty.TC_13" name="nomin_name" time="74.859"/>
  <testcase classname="ThirdParty.TC_13" name="nominee_marital" time="2.107"/>
  <testcase classname="ThirdParty.TC_13" name="nominee_dob" time="0.328"/>
  <testcase classname="ThirdParty.TC_13" name="nominee_btn" time="0.077"/>
  <testcase classname="ThirdParty.TC_13" name="engine" time="1.206"/>
  <testcase classname="ThirdParty.TC_13" name="chasis" time="0.12"/>
  <testcase classname="ThirdParty.TC_13" name="loan_yes" time="0.077"/>
  <testcase classname="ThirdParty.TC_13" name="bnk_name" time="0.119"/>
  <testcase classname="ThirdParty.TC_13" name="bnk_city" time="0.122"/>
  <testcase classname="ThirdParty.TC_13" name="vehicle_button" time="0.087"/>
  <testcase classname="ThirdParty.TC_13" name="previous_policy" time="0.933"/>
  <testcase classname="ThirdParty.TC_13" name="terms" time="0.687"/>
  <testcase classname="ThirdParty.TC_13" name="existing_cust" time="0.077"/>
  <testcase classname="ThirdParty.TC_13" name="Make_payment" time="0.065"/>
  <testcase classname="ThirdParty.TC_13" name="Make_payment_rel" time="24.588"/>
  <testcase classname="ThirdParty.TC_13" name="net_banking" time="0.11"/>
  <testcase classname="ThirdParty.TC_13" name="select_bank" time="0.182"/>
  <testcase classname="ThirdParty.TC_13" name="Rel_payment" time="0.436"/>
  <testcase classname="ThirdParty.TC_14" name="pa_cover" time="121.529">
    <failure type="org.openqa.selenium.NoSuchElementException" message="no such element: Unable to locate element: {&amp;quot;method&amp;quot;:&amp;quot;xpath&amp;quot;,&amp;quot;selector&amp;quot;:&amp;quot;//li[@id=&amp;apos;PersonalAccidentdropdown__filter&amp;apos;]&amp;quot;}
  (Session info: chrome=128.0.6613.138)
For documentation on this error, please visit: https://www.selenium.dev/documentation/webdriver/troubleshooting/errors#no-such-element-exception
Build info: version: &amp;apos;4.21.0&amp;apos;, revision: &amp;apos;79ed462ef4&amp;apos;
System info: os.name: &amp;apos;Windows 10&amp;apos;, os.arch: &amp;apos;amd64&amp;apos;, os.version: &amp;apos;10.0&amp;apos;, java.version: &amp;apos;21.0.4&amp;apos;
Driver info: org.openqa.selenium.chrome.ChromeDriver
Command: [d95d5ae0fc42537a1038377971f95440, findElement {value=//li[@id=&amp;apos;PersonalAccidentdropdown__filter&amp;apos;], using=xpath}]
Capabilities {acceptInsecureCerts: false, browserName: chrome, browserVersion: 128.0.6613.138, chrome: {chromedriverVersion: 128.0.6613.137 (fe621c5aa2d..., userDataDir: C:\Users\A757\AppData\Local...}, fedcm:accounts: true, goog:chromeOptions: {debuggerAddress: localhost:63386}, networkConnectionEnabled: false, pageLoadStrategy: normal, platformName: windows, proxy: Proxy(), se:cdp: ws://localhost:63386/devtoo..., se:cdpVersion: 128.0.6613.138, setWindowRect: true, strictFileInteractability: false, timeouts: {implicit: 0, pageLoad: 300000, script: 30000}, unhandledPromptBehavior: dismiss and notify, webauthn:extension:credBlob: true, webauthn:extension:largeBlob: true, webauthn:extension:minPinLength: true, webauthn:extension:prf: true, webauthn:virtualAuthenticators: true}
Session ID: d95d5ae0fc42537a1038377971f95440">
      <![CDATA[org.openqa.selenium.NoSuchElementException: no such element: Unable to locate element: {"method":"xpath","selector":"//li[@id='PersonalAccidentdropdown__filter']"}
  (Session info: chrome=128.0.6613.138)
For documentation on this error, please visit: https://www.selenium.dev/documentation/webdriver/troubleshooting/errors#no-such-element-exception
Build info: version: '4.21.0', revision: '79ed462ef4'
System info: os.name: 'Windows 10', os.arch: 'amd64', os.version: '10.0', java.version: '21.0.4'
Driver info: org.openqa.selenium.chrome.ChromeDriver
Command: [d95d5ae0fc42537a1038377971f95440, findElement {value=//li[@id='PersonalAccidentdropdown__filter'], using=xpath}]
Capabilities {acceptInsecureCerts: false, browserName: chrome, browserVersion: 128.0.6613.138, chrome: {chromedriverVersion: 128.0.6613.137 (fe621c5aa2d..., userDataDir: C:\Users\A757\AppData\Local...}, fedcm:accounts: true, goog:chromeOptions: {debuggerAddress: localhost:63386}, networkConnectionEnabled: false, pageLoadStrategy: normal, platformName: windows, proxy: Proxy(), se:cdp: ws://localhost:63386/devtoo..., se:cdpVersion: 128.0.6613.138, setWindowRect: true, strictFileInteractability: false, timeouts: {implicit: 0, pageLoad: 300000, script: 30000}, unhandledPromptBehavior: dismiss and notify, webauthn:extension:credBlob: true, webauthn:extension:largeBlob: true, webauthn:extension:minPinLength: true, webauthn:extension:prf: true, webauthn:virtualAuthenticators: true}
Session ID: d95d5ae0fc42537a1038377971f95440
at org.openqa.selenium.remote.ErrorCodec.decode(ErrorCodec.java:167)
at org.openqa.selenium.remote.codec.w3c.W3CHttpResponseCodec.decode(W3CHttpResponseCodec.java:138)
at org.openqa.selenium.remote.codec.w3c.W3CHttpResponseCodec.decode(W3CHttpResponseCodec.java:50)
at org.openqa.selenium.remote.HttpCommandExecutor.execute(HttpCommandExecutor.java:190)
at org.openqa.selenium.remote.service.DriverCommandExecutor.invokeExecute(DriverCommandExecutor.java:216)
at org.openqa.selenium.remote.service.DriverCommandExecutor.execute(DriverCommandExecutor.java:174)
at org.openqa.selenium.remote.RemoteWebDriver.execute(RemoteWebDriver.java:518)
at org.openqa.selenium.remote.ElementLocation$ElementFinder$2.findElement(ElementLocation.java:165)
at org.openqa.selenium.remote.ElementLocation.findElement(ElementLocation.java:59)
at org.openqa.selenium.remote.RemoteWebDriver.findElement(RemoteWebDriver.java:355)
at org.openqa.selenium.remote.RemoteWebDriver.findElement(RemoteWebDriver.java:349)
at ThirdParty.TC_14.pa_cover(TC_14.java:499)
at java.base/java.util.concurrent.Executors$RunnableAdapter.call(Executors.java:572)
at java.base/java.util.concurrent.FutureTask.run(FutureTask.java:317)
at java.base/java.util.concurrent.ThreadPoolExecutor.runWorker(ThreadPoolExecutor.java:1144)
at java.base/java.util.concurrent.ThreadPoolExecutor$Worker.run(ThreadPoolExecutor.java:642)
at java.base/java.lang.Thread.run(Thread.java:1583)
... Removed 14 stack frames]]>
    </failure>
  </testcase> <!-- pa_cover -->
  <testcase classname="ThirdParty.TC_13" name="success_payment" time="21.958"/>
  <testcase classname="ThirdParty.TC_13" name="get_policyno" time="0.052"/>
  <testcase classname="ThirdParty.TC_14" name="insureddetails_btn" time="120.492">
    <failure type="org.openqa.selenium.NoSuchWindowException" message="no such window: target window already closed
from unknown error: web view not found
  (Session info: chrome=128.0.6613.138)
Build info: version: &amp;apos;4.21.0&amp;apos;, revision: &amp;apos;79ed462ef4&amp;apos;
System info: os.name: &amp;apos;Windows 10&amp;apos;, os.arch: &amp;apos;amd64&amp;apos;, os.version: &amp;apos;10.0&amp;apos;, java.version: &amp;apos;21.0.4&amp;apos;
Driver info: org.openqa.selenium.chrome.ChromeDriver
Command: [d95d5ae0fc42537a1038377971f95440, findElement {value=//button[@ng-click=&amp;quot;OrgBasicDetailsFormSubmit(&amp;apos;ContactDetails&amp;apos;);&amp;quot;], using=xpath}]
Capabilities {acceptInsecureCerts: false, browserName: chrome, browserVersion: 128.0.6613.138, chrome: {chromedriverVersion: 128.0.6613.137 (fe621c5aa2d..., userDataDir: C:\Users\A757\AppData\Local...}, fedcm:accounts: true, goog:chromeOptions: {debuggerAddress: localhost:63386}, networkConnectionEnabled: false, pageLoadStrategy: normal, platformName: windows, proxy: Proxy(), se:cdp: ws://localhost:63386/devtoo..., se:cdpVersion: 128.0.6613.138, setWindowRect: true, strictFileInteractability: false, timeouts: {implicit: 0, pageLoad: 300000, script: 30000}, unhandledPromptBehavior: dismiss and notify, webauthn:extension:credBlob: true, webauthn:extension:largeBlob: true, webauthn:extension:minPinLength: true, webauthn:extension:prf: true, webauthn:virtualAuthenticators: true}
Session ID: d95d5ae0fc42537a1038377971f95440">
      <![CDATA[org.openqa.selenium.NoSuchWindowException: no such window: target window already closed
from unknown error: web view not found
  (Session info: chrome=128.0.6613.138)
Build info: version: '4.21.0', revision: '79ed462ef4'
System info: os.name: 'Windows 10', os.arch: 'amd64', os.version: '10.0', java.version: '21.0.4'
Driver info: org.openqa.selenium.chrome.ChromeDriver
Command: [d95d5ae0fc42537a1038377971f95440, findElement {value=//button[@ng-click="OrgBasicDetailsFormSubmit('ContactDetails');"], using=xpath}]
Capabilities {acceptInsecureCerts: false, browserName: chrome, browserVersion: 128.0.6613.138, chrome: {chromedriverVersion: 128.0.6613.137 (fe621c5aa2d..., userDataDir: C:\Users\A757\AppData\Local...}, fedcm:accounts: true, goog:chromeOptions: {debuggerAddress: localhost:63386}, networkConnectionEnabled: false, pageLoadStrategy: normal, platformName: windows, proxy: Proxy(), se:cdp: ws://localhost:63386/devtoo..., se:cdpVersion: 128.0.6613.138, setWindowRect: true, strictFileInteractability: false, timeouts: {implicit: 0, pageLoad: 300000, script: 30000}, unhandledPromptBehavior: dismiss and notify, webauthn:extension:credBlob: true, webauthn:extension:largeBlob: true, webauthn:extension:minPinLength: true, webauthn:extension:prf: true, webauthn:virtualAuthenticators: true}
Session ID: d95d5ae0fc42537a1038377971f95440
at org.openqa.selenium.remote.ErrorCodec.decode(ErrorCodec.java:167)
at org.openqa.selenium.remote.codec.w3c.W3CHttpResponseCodec.decode(W3CHttpResponseCodec.java:138)
at org.openqa.selenium.remote.codec.w3c.W3CHttpResponseCodec.decode(W3CHttpResponseCodec.java:50)
at org.openqa.selenium.remote.HttpCommandExecutor.execute(HttpCommandExecutor.java:190)
at org.openqa.selenium.remote.service.DriverCommandExecutor.invokeExecute(DriverCommandExecutor.java:216)
at org.openqa.selenium.remote.service.DriverCommandExecutor.execute(DriverCommandExecutor.java:174)
at org.openqa.selenium.remote.RemoteWebDriver.execute(RemoteWebDriver.java:518)
at org.openqa.selenium.remote.ElementLocation$ElementFinder$2.findElement(ElementLocation.java:165)
at org.openqa.selenium.remote.ElementLocation.findElement(ElementLocation.java:59)
at org.openqa.selenium.remote.RemoteWebDriver.findElement(RemoteWebDriver.java:355)
at org.openqa.selenium.remote.RemoteWebDriver.findElement(RemoteWebDriver.java:349)
at ThirdParty.TC_14.insureddetails_btn(TC_14.java:710)
at java.base/java.util.concurrent.Executors$RunnableAdapter.call(Executors.java:572)
at java.base/java.util.concurrent.FutureTask.run(FutureTask.java:317)
at java.base/java.util.concurrent.ThreadPoolExecutor.runWorker(ThreadPoolExecutor.java:1144)
at java.base/java.util.concurrent.ThreadPoolExecutor$Worker.run(ThreadPoolExecutor.java:642)
at java.base/java.lang.Thread.run(Thread.java:1583)
... Removed 14 stack frames]]>
    </failure>
  </testcase> <!-- insureddetails_btn -->
  <testcase classname="ThirdParty.TC_14" name="discounts" time="0.0">
    <skipped/>
  </testcase> <!-- discounts -->
  <testcase classname="ThirdParty.TC_14" name="address" time="0.0">
    <skipped/>
  </testcase> <!-- address -->
  <testcase classname="ThirdParty.TC_14" name="cng" time="0.0">
    <skipped/>
  </testcase> <!-- cng -->
  <testcase classname="ThirdParty.TC_14" name="current_address" time="0.0">
    <skipped/>
  </testcase> <!-- current_address -->
  <testcase classname="ThirdParty.TC_14" name="address_btn" time="0.0">
    <skipped/>
  </testcase> <!-- address_btn -->
  <testcase classname="ThirdParty.TC_14" name="engine" time="0.0">
    <skipped/>
  </testcase> <!-- engine -->
  <testcase classname="ThirdParty.TC_14" name="chasis" time="0.0">
    <skipped/>
  </testcase> <!-- chasis -->
  <testcase classname="ThirdParty.TC_14" name="loan_yes" time="0.0">
    <skipped/>
  </testcase> <!-- loan_yes -->
  <testcase classname="ThirdParty.TC_14" name="bnk_name" time="0.0">
    <skipped/>
  </testcase> <!-- bnk_name -->
  <testcase classname="ThirdParty.TC_14" name="bnk_city" time="0.0">
    <skipped/>
  </testcase> <!-- bnk_city -->
  <testcase classname="ThirdParty.TC_14" name="vehicle_button" time="0.001">
    <skipped/>
  </testcase> <!-- vehicle_button -->
  <testcase classname="ThirdParty.TC_14" name="previous_policy" time="0.0">
    <skipped/>
  </testcase> <!-- previous_policy -->
  <testcase classname="ThirdParty.TC_14" name="terms" time="0.0">
    <skipped/>
  </testcase> <!-- terms -->
  <testcase classname="ThirdParty.TC_14" name="existing_cust" time="0.0">
    <skipped/>
  </testcase> <!-- existing_cust -->
  <testcase classname="ThirdParty.TC_14" name="Make_payment" time="0.0">
    <skipped/>
  </testcase> <!-- Make_payment -->
  <testcase classname="ThirdParty.TC_14" name="Make_payment_rel" time="0.0">
    <skipped/>
  </testcase> <!-- Make_payment_rel -->
  <testcase classname="ThirdParty.TC_14" name="net_banking" time="0.0">
    <skipped/>
  </testcase> <!-- net_banking -->
  <testcase classname="ThirdParty.TC_14" name="select_bank" time="0.0">
    <skipped/>
  </testcase> <!-- select_bank -->
  <testcase classname="ThirdParty.TC_14" name="Rel_payment" time="0.0">
    <skipped/>
  </testcase> <!-- Rel_payment -->
  <testcase classname="ThirdParty.TC_14" name="success_payment" time="0.0">
    <skipped/>
  </testcase> <!-- success_payment -->
  <testcase classname="ThirdParty.TC_14" name="get_policyno" time="0.0">
    <skipped/>
  </testcase> <!-- get_policyno -->
</testsuite> <!-- Test -->
