<?xml version="1.0" encoding="UTF-8"?>
<!-- Generated by org.testng.reporters.JUnitXMLReporter -->
<testsuite ignored="0" hostname="QA-VishalB" failures="2" tests="5" name="UrlTest" time="0.085" errors="0" timestamp="2024-08-19T16:12:27 IST">
  <testcase classname="New_car.TC_01" name="@BeforeClass setup" time="0.013">
    <failure type="java.lang.NullPointerException" message="Cannot invoke &amp;quot;baseclass.Launch_browser01.getDriver()&amp;quot; because &amp;quot;this.launchBrowser&amp;quot; is null">
      <![CDATA[java.lang.NullPointerException: Cannot invoke "baseclass.Launch_browser01.getDriver()" because "this.launchBrowser" is null
at New_car.Launch_browser02.getDriver(Launch_browser02.java:26)
at New_car.TC_01.setup(TC_01.java:26)
at java.base/java.util.ArrayList.forEach(ArrayList.java:1596)
... Removed 23 stack frames]]>
    </failure>
  </testcase> <!-- @BeforeClass setup -->
  <testcase classname="New_car.TC_01" name="click_carmodule" time="0.0">
    <skipped/>
  </testcase> <!-- click_carmodule -->
  <testcase classname="New_car.TC_01" name="new_car" time="0.0">
    <skipped/>
  </testcase> <!-- new_car -->
  <testcase classname="New_car.TC_01" name="rto" time="0.0">
    <failure type="org.testng.TestNGException" message="
Cannot inject @Test annotated Method [rto] with [class java.lang.String].
For more information on native dependency injection please refer to https://testng.org/#_dependency_injection">
      <![CDATA[org.testng.TestNGException: 
Cannot inject @Test annotated Method [rto] with [class java.lang.String].
For more information on native dependency injection please refer to https://testng.org/#_dependency_injection
at java.base/java.util.ArrayList.forEach(ArrayList.java:1596)
... Removed 26 stack frames]]>
    </failure>
  </testcase> <!-- rto -->
  <testcase classname="New_car.TC_01" name="make" time="0.0">
    <failure type="org.testng.TestNGException" message="
Cannot inject @Test annotated Method [make] with [class java.lang.String].
For more information on native dependency injection please refer to https://testng.org/#_dependency_injection">
      <![CDATA[org.testng.TestNGException: 
Cannot inject @Test annotated Method [make] with [class java.lang.String].
For more information on native dependency injection please refer to https://testng.org/#_dependency_injection
at java.base/java.util.ArrayList.forEach(ArrayList.java:1596)
... Removed 26 stack frames]]>
    </failure>
  </testcase> <!-- make -->
  <testcase classname="New_car.TC_01" name="model" time="0.0">
    <skipped/>
  </testcase> <!-- model -->
</testsuite> <!-- UrlTest -->
